mode: atomic
github.com/Ruben-Alvarez-Dev/jart-stow/cmd/jart-stow/main.go:28.25,29.50 1 0
github.com/Ruben-Alvarez-Dev/jart-stow/cmd/jart-stow/main.go:29.50,31.3 1 0
github.com/Ruben-Alvarez-Dev/jart-stow/cmd/jart-stow/main.go:32.2,33.76 2 0
github.com/Ruben-Alvarez-Dev/jart-stow/cmd/jart-stow/main.go:36.13,43.71 3 0
github.com/Ruben-Alvarez-Dev/jart-stow/cmd/jart-stow/main.go:43.71,44.69 1 0
github.com/Ruben-Alvarez-Dev/jart-stow/cmd/jart-stow/main.go:44.69,46.4 1 0
github.com/Ruben-Alvarez-Dev/jart-stow/cmd/jart-stow/main.go:49.2,49.38 1 0
github.com/Ruben-Alvarez-Dev/jart-stow/cmd/jart-stow/main.go:49.38,52.3 2 0
github.com/Ruben-Alvarez-Dev/jart-stow/cmd/jart-stow/main.go:55.77,56.38 1 0
github.com/Ruben-Alvarez-Dev/jart-stow/cmd/jart-stow/main.go:56.38,57.23 1 0
github.com/Ruben-Alvarez-Dev/jart-stow/cmd/jart-stow/main.go:57.23,59.4 1 0
github.com/Ruben-Alvarez-Dev/jart-stow/cmd/jart-stow/main.go:61.2,61.12 1 0
github.com/Ruben-Alvarez-Dev/jart-stow/cmd/jart-stow/main.go:65.49,70.16 4 0
github.com/Ruben-Alvarez-Dev/jart-stow/cmd/jart-stow/main.go:70.16,72.3 1 0
github.com/Ruben-Alvarez-Dev/jart-stow/cmd/jart-stow/main.go:73.2,87.35 6 0
github.com/Ruben-Alvarez-Dev/jart-stow/cmd/jart-stow/main.go:87.35,89.3 1 0
github.com/Ruben-Alvarez-Dev/jart-stow/cmd/jart-stow/main.go:90.2,90.12 1 0
github.com/Ruben-Alvarez-Dev/jart-stow/cmd/jart-stow/main.go:94.52,101.16 5 0
github.com/Ruben-Alvarez-Dev/jart-stow/cmd/jart-stow/main.go:101.16,103.3 1 0
github.com/Ruben-Alvarez-Dev/jart-stow/cmd/jart-stow/main.go:104.2,120.16 8 0
github.com/Ruben-Alvarez-Dev/jart-stow/cmd/jart-stow/main.go:120.16,122.3 1 0
github.com/Ruben-Alvarez-Dev/jart-stow/cmd/jart-stow/main.go:123.2,133.25 3 0
github.com/Ruben-Alvarez-Dev/jart-stow/cmd/jart-stow/main.go:137.56,146.2 1 0
github.com/Ruben-Alvarez-Dev/jart-stow/internal/adapters/apfs/snapshot_scanner.go:20.28,22.2 1 1
github.com/Ruben-Alvarez-Dev/jart-stow/internal/adapters/apfs/snapshot_scanner.go:25.33,27.2 1 1
github.com/Ruben-Alvarez-Dev/jart-stow/internal/adapters/apfs/snapshot_scanner.go:30.57,33.2 2 1
github.com/Ruben-Alvarez-Dev/jart-stow/internal/adapters/apfs/snapshot_scanner.go:36.102,37.46 1 0
github.com/Ruben-Alvarez-Dev/jart-stow/internal/adapters/apfs/snapshot_scanner.go:37.46,39.3 1 0
github.com/Ruben-Alvarez-Dev/jart-stow/internal/adapters/apfs/snapshot_scanner.go:41.2,41.25 1 0
github.com/Ruben-Alvarez-Dev/jart-stow/internal/adapters/apfs/snapshot_scanner.go:41.25,43.3 1 0
github.com/Ruben-Alvarez-Dev/jart-stow/internal/adapters/apfs/snapshot_scanner.go:46.2,48.16 3 0
github.com/Ruben-Alvarez-Dev/jart-stow/internal/adapters/apfs/snapshot_scanner.go:48.16,50.3 1 0
github.com/Ruben-Alvarez-Dev/jart-stow/internal/adapters/apfs/snapshot_scanner.go:52.2,52.57 1 0
github.com/Ruben-Alvarez-Dev/jart-stow/internal/adapters/apfs/snapshot_scanner.go:59.72,64.29 4 6
github.com/Ruben-Alvarez-Dev/jart-stow/internal/adapters/apfs/snapshot_scanner.go:64.29,66.61 2 9
github.com/Ruben-Alvarez-Dev/jart-stow/internal/adapters/apfs/snapshot_scanner.go:66.61,67.12 1 4
github.com/Ruben-Alvarez-Dev/jart-stow/internal/adapters/apfs/snapshot_scanner.go:72.3,74.20 3 5
github.com/Ruben-Alvarez-Dev/jart-stow/internal/adapters/apfs/snapshot_scanner.go:74.20,75.70 1 4
github.com/Ruben-Alvarez-Dev/jart-stow/internal/adapters/apfs/snapshot_scanner.go:75.70,77.5 1 4
github.com/Ruben-Alvarez-Dev/jart-stow/internal/adapters/apfs/snapshot_scanner.go:81.3,91.5 2 5
github.com/Ruben-Alvarez-Dev/jart-stow/internal/adapters/apfs/snapshot_scanner.go:93.2,93.14 1 6
github.com/Ruben-Alvarez-Dev/jart-stow/internal/adapters/apfs/snapshot_scanner.go:100.46,103.39 2 10
github.com/Ruben-Alvarez-Dev/jart-stow/internal/adapters/apfs/snapshot_scanner.go:103.39,106.77 2 16
github.com/Ruben-Alvarez-Dev/jart-stow/internal/adapters/apfs/snapshot_scanner.go:106.77,108.4 1 6
github.com/Ruben-Alvarez-Dev/jart-stow/internal/adapters/apfs/snapshot_scanner.go:110.2,110.11 1 4
github.com/Ruben-Alvarez-Dev/jart-stow/internal/adapters/apfs/snapshot_scanner.go:116.43,118.2 1 5
github.com/Ruben-Alvarez-Dev/jart-stow/internal/adapters/ccc/adapter.go:28.49,29.26 1 8
github.com/Ruben-Alvarez-Dev/jart-stow/internal/adapters/ccc/adapter.go:29.26,31.3 1 1
github.com/Ruben-Alvarez-Dev/jart-stow/internal/adapters/ccc/adapter.go:32.2,32.49 1 8
github.com/Ruben-Alvarez-Dev/jart-stow/internal/adapters/ccc/adapter.go:36.33,38.2 1 1
github.com/Ruben-Alvarez-Dev/jart-stow/internal/adapters/ccc/adapter.go:41.66,43.16 2 3
github.com/Ruben-Alvarez-Dev/jart-stow/internal/adapters/ccc/adapter.go:43.16,44.25 1 2
github.com/Ruben-Alvarez-Dev/jart-stow/internal/adapters/ccc/adapter.go:44.25,46.4 1 2
github.com/Ruben-Alvarez-Dev/jart-stow/internal/adapters/ccc/adapter.go:47.3,47.63 1 0
github.com/Ruben-Alvarez-Dev/jart-stow/internal/adapters/ccc/adapter.go:49.2,49.27 1 1
github.com/Ruben-Alvarez-Dev/jart-stow/internal/adapters/ccc/adapter.go:53.67,56.48 2 6
github.com/Ruben-Alvarez-Dev/jart-stow/internal/adapters/ccc/adapter.go:56.48,58.3 1 0
github.com/Ruben-Alvarez-Dev/jart-stow/internal/adapters/ccc/adapter.go:61.2,62.16 2 6
github.com/Ruben-Alvarez-Dev/jart-stow/internal/adapters/ccc/adapter.go:62.16,64.3 1 0
github.com/Ruben-Alvarez-Dev/jart-stow/internal/adapters/ccc/adapter.go:65.2,65.14 1 6
github.com/Ruben-Alvarez-Dev/jart-stow/internal/adapters/ccc/adapter.go:65.14,67.3 1 1
github.com/Ruben-Alvarez-Dev/jart-stow/internal/adapters/ccc/adapter.go:70.2,71.16 2 5
github.com/Ruben-Alvarez-Dev/jart-stow/internal/adapters/ccc/adapter.go:71.16,73.3 1 0
github.com/Ruben-Alvarez-Dev/jart-stow/internal/adapters/ccc/adapter.go:74.2,76.49 2 5
github.com/Ruben-Alvarez-Dev/jart-stow/internal/adapters/ccc/adapter.go:76.49,78.3 1 0
github.com/Ruben-Alvarez-Dev/jart-stow/internal/adapters/ccc/adapter.go:80.2,80.12 1 5
github.com/Ruben-Alvarez-Dev/jart-stow/internal/adapters/ccc/adapter.go:84.66,86.16 2 3
github.com/Ruben-Alvarez-Dev/jart-stow/internal/adapters/ccc/adapter.go:86.16,88.3 1 0
github.com/Ruben-Alvarez-Dev/jart-stow/internal/adapters/ccc/adapter.go:89.2,89.15 1 3
github.com/Ruben-Alvarez-Dev/jart-stow/internal/adapters/ccc/adapter.go:89.15,91.3 1 1
github.com/Ruben-Alvarez-Dev/jart-stow/internal/adapters/ccc/adapter.go:94.2,95.16 2 2
github.com/Ruben-Alvarez-Dev/jart-stow/internal/adapters/ccc/adapter.go:95.16,97.3 1 0
github.com/Ruben-Alvarez-Dev/jart-stow/internal/adapters/ccc/adapter.go:99.2,100.16 2 2
github.com/Ruben-Alvarez-Dev/jart-stow/internal/adapters/ccc/adapter.go:100.16,102.3 1 0
github.com/Ruben-Alvarez-Dev/jart-stow/internal/adapters/ccc/adapter.go:103.2,105.29 2 2
github.com/Ruben-Alvarez-Dev/jart-stow/internal/adapters/ccc/adapter.go:105.29,106.38 1 4
github.com/Ruben-Alvarez-Dev/jart-stow/internal/adapters/ccc/adapter.go:106.38,107.12 1 2
github.com/Ruben-Alvarez-Dev/jart-stow/internal/adapters/ccc/adapter.go:109.3,109.24 1 2
github.com/Ruben-Alvarez-Dev/jart-stow/internal/adapters/ccc/adapter.go:112.2,112.12 1 2
github.com/Ruben-Alvarez-Dev/jart-stow/internal/adapters/ccc/adapter.go:116.78,118.16 2 12
github.com/Ruben-Alvarez-Dev/jart-stow/internal/adapters/ccc/adapter.go:118.16,120.3 1 0
github.com/Ruben-Alvarez-Dev/jart-stow/internal/adapters/ccc/adapter.go:122.2,122.29 1 12
github.com/Ruben-Alvarez-Dev/jart-stow/internal/adapters/ccc/adapter.go:122.29,123.38 1 13
github.com/Ruben-Alvarez-Dev/jart-stow/internal/adapters/ccc/adapter.go:123.38,125.4 1 4
github.com/Ruben-Alvarez-Dev/jart-stow/internal/adapters/ccc/adapter.go:127.2,127.19 1 8
github.com/Ruben-Alvarez-Dev/jart-stow/internal/adapters/ccc/adapter.go:131.71,133.16 2 5
github.com/Ruben-Alvarez-Dev/jart-stow/internal/adapters/ccc/adapter.go:133.16,135.3 1 0
github.com/Ruben-Alvarez-Dev/jart-stow/internal/adapters/ccc/adapter.go:137.2,138.29 2 5
github.com/Ruben-Alvarez-Dev/jart-stow/internal/adapters/ccc/adapter.go:138.29,140.50 2 9
github.com/Ruben-Alvarez-Dev/jart-stow/internal/adapters/ccc/adapter.go:140.50,142.4 1 7
github.com/Ruben-Alvarez-Dev/jart-stow/internal/adapters/ccc/adapter.go:144.2,144.19 1 5
github.com/Ruben-Alvarez-Dev/jart-stow/internal/adapters/ccc/adapter.go:149.52,151.16 2 19
github.com/Ruben-Alvarez-Dev/jart-stow/internal/adapters/ccc/adapter.go:151.16,152.25 1 4
github.com/Ruben-Alvarez-Dev/jart-stow/internal/adapters/ccc/adapter.go:152.25,154.4 1 4
github.com/Ruben-Alvarez-Dev/jart-stow/internal/adapters/ccc/adapter.go:155.3,155.60 1 0
github.com/Ruben-Alvarez-Dev/jart-stow/internal/adapters/ccc/adapter.go:157.2,161.21 4 15
github.com/Ruben-Alvarez-Dev/jart-stow/internal/adapters/ccc/adapter.go:161.21,163.3 1 29
github.com/Ruben-Alvarez-Dev/jart-stow/internal/adapters/ccc/adapter.go:164.2,164.29 1 15
github.com/Ruben-Alvarez-Dev/jart-stow/internal/tui/app.go:45.14,62.2 10 0
github.com/Ruben-Alvarez-Dev/jart-stow/internal/tui/app.go:65.36,70.2 1 0
github.com/Ruben-Alvarez-Dev/jart-stow/internal/tui/app.go:73.42,74.30 1 0
github.com/Ruben-Alvarez-Dev/jart-stow/internal/tui/app.go:74.30,76.3 1 0
github.com/Ruben-Alvarez-Dev/jart-stow/internal/tui/app.go:77.2,77.33 1 0
github.com/Ruben-Alvarez-Dev/jart-stow/internal/tui/app.go:81.62,84.27 2 0
github.com/Ruben-Alvarez-Dev/jart-stow/internal/tui/app.go:85.25,91.32 4 0
github.com/Ruben-Alvarez-Dev/jart-stow/internal/tui/app.go:91.32,92.19 1 0
github.com/Ruben-Alvarez-Dev/jart-stow/internal/tui/app.go:92.19,93.47 1 0
github.com/Ruben-Alvarez-Dev/jart-stow/internal/tui/app.go:93.47,95.6 1 0
github.com/Ruben-Alvarez-Dev/jart-stow/internal/tui/app.go:99.18,100.23 1 0
github.com/Ruben-Alvarez-Dev/jart-stow/internal/tui/app.go:101.22,102.22 1 0
github.com/Ruben-Alvarez-Dev/jart-stow/internal/tui/app.go:104.12,106.39 2 0
github.com/Ruben-Alvarez-Dev/jart-stow/internal/tui/app.go:107.12,109.39 2 0
github.com/Ruben-Alvarez-Dev/jart-stow/internal/tui/app.go:110.12,112.39 2 0
github.com/Ruben-Alvarez-Dev/jart-stow/internal/tui/app.go:113.12,115.39 2 0
github.com/Ruben-Alvarez-Dev/jart-stow/internal/tui/app.go:116.12,118.39 2 0
github.com/Ruben-Alvarez-Dev/jart-stow/internal/tui/app.go:119.12,121.39 2 0
github.com/Ruben-Alvarez-Dev/jart-stow/internal/tui/app.go:122.12,124.39 2 0
github.com/Ruben-Alvarez-Dev/jart-stow/internal/tui/app.go:126.11,128.32 1 0
github.com/Ruben-Alvarez-Dev/jart-stow/internal/tui/app.go:128.32,130.19 2 0
github.com/Ruben-Alvarez-Dev/jart-stow/internal/tui/app.go:130.19,132.6 1 0
github.com/Ruben-Alvarez-Dev/jart-stow/internal/tui/app.go:136.10,138.31 1 0
github.com/Ruben-Alvarez-Dev/jart-stow/internal/tui/app.go:138.31,140.18 2 0
github.com/Ruben-Alvarez-Dev/jart-stow/internal/tui/app.go:140.18,142.5 1 0
github.com/Ruben-Alvarez-Dev/jart-stow/internal/tui/app.go:146.2,146.30 1 0
github.com/Ruben-Alvarez-Dev/jart-stow/internal/tui/app.go:150.35,151.14 1 0
github.com/Ruben-Alvarez-Dev/jart-stow/internal/tui/app.go:151.14,153.3 1 0
github.com/Ruben-Alvarez-Dev/jart-stow/internal/tui/app.go:155.2,155.30 1 0
github.com/Ruben-Alvarez-Dev/jart-stow/internal/tui/app.go:155.30,157.3 1 0
github.com/Ruben-Alvarez-Dev/jart-stow/internal/tui/app.go:159.2,159.33 1 0
github.com/Ruben-Alvarez-Dev/jart-stow/internal/tui/providers.go:35.17,48.2 1 0
github.com/Ruben-Alvarez-Dev/jart-stow/internal/tui/providers.go:51.28,53.2 1 0
github.com/Ruben-Alvarez-Dev/jart-stow/internal/tui/providers.go:61.43,65.2 3 0
github.com/Ruben-Alvarez-Dev/jart-stow/internal/tui/providers.go:75.75,76.19 1 0
github.com/Ruben-Alvarez-Dev/jart-stow/internal/tui/providers.go:76.19,78.3 1 0
github.com/Ruben-Alvarez-Dev/jart-stow/internal/tui/providers.go:79.2,79.30 1 0
github.com/Ruben-Alvarez-Dev/jart-stow/internal/tui/providers.go:90.69,91.19 1 0
github.com/Ruben-Alvarez-Dev/jart-stow/internal/tui/providers.go:91.19,93.3 1 0
github.com/Ruben-Alvarez-Dev/jart-stow/internal/tui/providers.go:94.2,94.30 1 0
github.com/Ruben-Alvarez-Dev/jart-stow/internal/tui/providers.go:98.57,99.19 1 0
github.com/Ruben-Alvarez-Dev/jart-stow/internal/tui/providers.go:99.19,101.3 1 0
github.com/Ruben-Alvarez-Dev/jart-stow/internal/tui/providers.go:102.2,103.16 2 0
github.com/Ruben-Alvarez-Dev/jart-stow/internal/tui/providers.go:103.16,105.3 1 0
github.com/Ruben-Alvarez-Dev/jart-stow/internal/tui/providers.go:106.2,107.32 2 0
github.com/Ruben-Alvarez-Dev/jart-stow/internal/tui/providers.go:107.32,108.48 1 0
github.com/Ruben-Alvarez-Dev/jart-stow/internal/tui/providers.go:108.48,110.4 1 0
github.com/Ruben-Alvarez-Dev/jart-stow/internal/tui/providers.go:112.2,112.19 1 0
github.com/Ruben-Alvarez-Dev/jart-stow/internal/tui/providers.go:123.75,124.19 1 0
github.com/Ruben-Alvarez-Dev/jart-stow/internal/tui/providers.go:124.19,126.3 1 0
github.com/Ruben-Alvarez-Dev/jart-stow/internal/tui/providers.go:127.2,127.33 1 0
github.com/Ruben-Alvarez-Dev/jart-stow/internal/tui/providers.go:131.61,132.19 1 0
github.com/Ruben-Alvarez-Dev/jart-stow/internal/tui/providers.go:132.19,134.3 1 0
github.com/Ruben-Alvarez-Dev/jart-stow/internal/tui/providers.go:135.2,136.16 2 0
github.com/Ruben-Alvarez-Dev/jart-stow/internal/tui/providers.go:136.16,138.3 1 0
github.com/Ruben-Alvarez-Dev/jart-stow/internal/tui/providers.go:139.2,139.29 1 0
github.com/Ruben-Alvarez-Dev/jart-stow/internal/tui/providers.go:143.63,144.19 1 0
github.com/Ruben-Alvarez-Dev/jart-stow/internal/tui/providers.go:144.19,146.3 1 0
github.com/Ruben-Alvarez-Dev/jart-stow/internal/tui/providers.go:147.2,148.16 2 0
github.com/Ruben-Alvarez-Dev/jart-stow/internal/tui/providers.go:148.16,150.3 1 0
github.com/Ruben-Alvarez-Dev/jart-stow/internal/tui/providers.go:151.2,152.31 2 0
github.com/Ruben-Alvarez-Dev/jart-stow/internal/tui/providers.go:152.31,154.3 1 0
github.com/Ruben-Alvarez-Dev/jart-stow/internal/tui/providers.go:155.2,155.19 1 0
github.com/Ruben-Alvarez-Dev/jart-stow/internal/tui/providers.go:166.84,167.19 1 0
github.com/Ruben-Alvarez-Dev/jart-stow/internal/tui/providers.go:167.19,169.3 1 0
github.com/Ruben-Alvarez-Dev/jart-stow/internal/tui/providers.go:170.2,170.40 1 0
github.com/Ruben-Alvarez-Dev/jart-stow/internal/tui/providers.go:181.66,182.19 1 0
github.com/Ruben-Alvarez-Dev/jart-stow/internal/tui/providers.go:182.19,184.3 1 0
github.com/Ruben-Alvarez-Dev/jart-stow/internal/tui/providers.go:185.2,185.38 1 0
github.com/Ruben-Alvarez-Dev/jart-stow/internal/tui/providers.go:189.67,190.19 1 0
github.com/Ruben-Alvarez-Dev/jart-stow/internal/tui/providers.go:190.19,192.3 1 0
github.com/Ruben-Alvarez-Dev/jart-stow/internal/tui/providers.go:193.2,194.16 2 0
github.com/Ruben-Alvarez-Dev/jart-stow/internal/tui/providers.go:194.16,196.3 1 0
github.com/Ruben-Alvarez-Dev/jart-stow/internal/tui/providers.go:197.2,198.24 2 0
github.com/Ruben-Alvarez-Dev/jart-stow/internal/tui/providers.go:198.24,199.25 1 0
github.com/Ruben-Alvarez-Dev/jart-stow/internal/tui/providers.go:199.25,201.4 1 0
github.com/Ruben-Alvarez-Dev/jart-stow/internal/tui/providers.go:203.2,203.26 1 0
github.com/Ruben-Alvarez-Dev/jart-stow/internal/tui/providers.go:215.72,216.27 1 0
github.com/Ruben-Alvarez-Dev/jart-stow/internal/tui/providers.go:216.27,218.3 1 0
github.com/Ruben-Alvarez-Dev/jart-stow/internal/tui/providers.go:219.2,219.38 1 0
github.com/Ruben-Alvarez-Dev/jart-stow/internal/tui/providers.go:223.96,224.23 1 0
github.com/Ruben-Alvarez-Dev/jart-stow/internal/tui/providers.go:224.23,226.3 1 0
github.com/Ruben-Alvarez-Dev/jart-stow/internal/tui/providers.go:227.2,228.16 2 0
github.com/Ruben-Alvarez-Dev/jart-stow/internal/tui/providers.go:228.16,230.3 1 0
github.com/Ruben-Alvarez-Dev/jart-stow/internal/tui/providers.go:231.2,232.29 2 0
github.com/Ruben-Alvarez-Dev/jart-stow/internal/tui/providers.go:232.29,233.56 1 0
github.com/Ruben-Alvarez-Dev/jart-stow/internal/tui/providers.go:233.56,235.4 1 0
github.com/Ruben-Alvarez-Dev/jart-stow/internal/tui/providers.go:237.2,237.21 1 0
github.com/Ruben-Alvarez-Dev/jart-stow/internal/tui/providers.go:241.57,242.23 1 0
github.com/Ruben-Alvarez-Dev/jart-stow/internal/tui/providers.go:242.23,244.3 1 0
github.com/Ruben-Alvarez-Dev/jart-stow/internal/tui/providers.go:245.2,246.16 2 0
github.com/Ruben-Alvarez-Dev/jart-stow/internal/tui/providers.go:246.16,248.3 1 0
github.com/Ruben-Alvarez-Dev/jart-stow/internal/tui/providers.go:249.2,249.24 1 0
github.com/Ruben-Alvarez-Dev/jart-stow/internal/tui/providers.go:253.52,254.28 1 0
github.com/Ruben-Alvarez-Dev/jart-stow/internal/tui/providers.go:255.26,256.41 1 0
github.com/Ruben-Alvarez-Dev/jart-stow/internal/tui/providers.go:257.24,258.39 1 0
github.com/Ruben-Alvarez-Dev/jart-stow/internal/tui/providers.go:259.27,260.42 1 0
github.com/Ruben-Alvarez-Dev/jart-stow/internal/tui/providers.go:261.27,262.42 1 0
github.com/Ruben-Alvarez-Dev/jart-stow/internal/tui/providers.go:263.15,264.31 1 0
github.com/Ruben-Alvarez-Dev/jart-stow/internal/tui/providers.go:265.24,266.39 1 0
github.com/Ruben-Alvarez-Dev/jart-stow/internal/tui/providers.go:267.24,268.39 1 0
github.com/Ruben-Alvarez-Dev/jart-stow/internal/tui/providers.go:269.10,270.29 1 0
github.com/Ruben-Alvarez-Dev/jart-stow/internal/adapters/docker/scanner.go:21.28,23.2 1 1
github.com/Ruben-Alvarez-Dev/jart-stow/internal/adapters/docker/scanner.go:26.33,28.2 1 1
github.com/Ruben-Alvarez-Dev/jart-stow/internal/adapters/docker/scanner.go:31.57,33.34 2 1
github.com/Ruben-Alvarez-Dev/jart-stow/internal/adapters/docker/scanner.go:33.34,35.3 1 1
github.com/Ruben-Alvarez-Dev/jart-stow/internal/adapters/docker/scanner.go:36.2,36.13 1 0
github.com/Ruben-Alvarez-Dev/jart-stow/internal/adapters/docker/scanner.go:40.102,41.25 1 0
github.com/Ruben-Alvarez-Dev/jart-stow/internal/adapters/docker/scanner.go:41.25,43.3 1 0
github.com/Ruben-Alvarez-Dev/jart-stow/internal/adapters/docker/scanner.go:45.2,45.23 1 0
github.com/Ruben-Alvarez-Dev/jart-stow/internal/adapters/docker/scanner.go:46.30,47.46 1 0
github.com/Ruben-Alvarez-Dev/jart-stow/internal/adapters/docker/scanner.go:48.34,49.50 1 0
github.com/Ruben-Alvarez-Dev/jart-stow/internal/adapters/docker/scanner.go:50.31,51.47 1 0
github.com/Ruben-Alvarez-Dev/jart-stow/internal/adapters/docker/scanner.go:52.28,53.44 1 0
github.com/Ruben-Alvarez-Dev/jart-stow/internal/adapters/docker/scanner.go:54.10,55.18 1 0
github.com/Ruben-Alvarez-Dev/jart-stow/internal/adapters/docker/scanner.go:59.102,66.16 3 0
github.com/Ruben-Alvarez-Dev/jart-stow/internal/adapters/docker/scanner.go:66.16,68.3 1 0
github.com/Ruben-Alvarez-Dev/jart-stow/internal/adapters/docker/scanner.go:70.2,70.70 1 0
github.com/Ruben-Alvarez-Dev/jart-stow/internal/adapters/docker/scanner.go:73.106,80.16 3 0
github.com/Ruben-Alvarez-Dev/jart-stow/internal/adapters/docker/scanner.go:80.16,82.3 1 0
github.com/Ruben-Alvarez-Dev/jart-stow/internal/adapters/docker/scanner.go:84.2,84.74 1 0
github.com/Ruben-Alvarez-Dev/jart-stow/internal/adapters/docker/scanner.go:87.103,94.16 3 0
github.com/Ruben-Alvarez-Dev/jart-stow/internal/adapters/docker/scanner.go:94.16,96.3 1 0
github.com/Ruben-Alvarez-Dev/jart-stow/internal/adapters/docker/scanner.go:98.2,102.29 4 0
github.com/Ruben-Alvarez-Dev/jart-stow/internal/adapters/docker/scanner.go:102.29,104.17 2 0
github.com/Ruben-Alvarez-Dev/jart-stow/internal/adapters/docker/scanner.go:104.17,105.12 1 0
github.com/Ruben-Alvarez-Dev/jart-stow/internal/adapters/docker/scanner.go:107.3,108.21 2 0
github.com/Ruben-Alvarez-Dev/jart-stow/internal/adapters/docker/scanner.go:108.21,109.12 1 0
github.com/Ruben-Alvarez-Dev/jart-stow/internal/adapters/docker/scanner.go:111.3,119.5 2 0
github.com/Ruben-Alvarez-Dev/jart-stow/internal/adapters/docker/scanner.go:121.2,121.19 1 0
github.com/Ruben-Alvarez-Dev/jart-stow/internal/adapters/docker/scanner.go:124.100,131.16 3 0
github.com/Ruben-Alvarez-Dev/jart-stow/internal/adapters/docker/scanner.go:131.16,133.3 1 0
github.com/Ruben-Alvarez-Dev/jart-stow/internal/adapters/docker/scanner.go:135.2,139.29 4 0
github.com/Ruben-Alvarez-Dev/jart-stow/internal/adapters/docker/scanner.go:139.29,141.17 2 0
github.com/Ruben-Alvarez-Dev/jart-stow/internal/adapters/docker/scanner.go:141.17,142.12 1 0
github.com/Ruben-Alvarez-Dev/jart-stow/internal/adapters/docker/scanner.go:144.3,145.21 2 0
github.com/Ruben-Alvarez-Dev/jart-stow/internal/adapters/docker/scanner.go:145.21,146.12 1 0
github.com/Ruben-Alvarez-Dev/jart-stow/internal/adapters/docker/scanner.go:148.3,150.22 3 0
github.com/Ruben-Alvarez-Dev/jart-stow/internal/adapters/docker/scanner.go:150.22,152.4 1 0
github.com/Ruben-Alvarez-Dev/jart-stow/internal/adapters/docker/scanner.go:153.3,153.59 1 0
github.com/Ruben-Alvarez-Dev/jart-stow/internal/adapters/docker/scanner.go:153.59,154.12 1 0
github.com/Ruben-Alvarez-Dev/jart-stow/internal/adapters/docker/scanner.go:156.3,167.5 4 0
github.com/Ruben-Alvarez-Dev/jart-stow/internal/adapters/docker/scanner.go:169.2,169.19 1 0
github.com/Ruben-Alvarez-Dev/jart-stow/internal/adapters/docker/scanner.go:174.99,179.29 4 7
github.com/Ruben-Alvarez-Dev/jart-stow/internal/adapters/docker/scanner.go:179.29,181.17 2 8
github.com/Ruben-Alvarez-Dev/jart-stow/internal/adapters/docker/scanner.go:181.17,182.12 1 2
github.com/Ruben-Alvarez-Dev/jart-stow/internal/adapters/docker/scanner.go:184.3,185.21 2 6
github.com/Ruben-Alvarez-Dev/jart-stow/internal/adapters/docker/scanner.go:185.21,186.12 1 1
github.com/Ruben-Alvarez-Dev/jart-stow/internal/adapters/docker/scanner.go:188.3,191.22 4 5
github.com/Ruben-Alvarez-Dev/jart-stow/internal/adapters/docker/scanner.go:191.22,193.4 1 4
github.com/Ruben-Alvarez-Dev/jart-stow/internal/adapters/docker/scanner.go:194.3,196.22 3 5
github.com/Ruben-Alvarez-Dev/jart-stow/internal/adapters/docker/scanner.go:196.22,198.4 1 4
github.com/Ruben-Alvarez-Dev/jart-stow/internal/adapters/docker/scanner.go:200.3,201.83 2 5
github.com/Ruben-Alvarez-Dev/jart-stow/internal/adapters/docker/scanner.go:201.83,203.4 1 3
github.com/Ruben-Alvarez-Dev/jart-stow/internal/adapters/docker/scanner.go:205.3,213.5 1 5
github.com/Ruben-Alvarez-Dev/jart-stow/internal/adapters/docker/scanner.go:215.2,215.19 1 7
github.com/Ruben-Alvarez-Dev/jart-stow/internal/adapters/docker/scanner.go:219.38,221.26 2 17
github.com/Ruben-Alvarez-Dev/jart-stow/internal/adapters/docker/scanner.go:221.26,223.3 1 4
github.com/Ruben-Alvarez-Dev/jart-stow/internal/adapters/docker/scanner.go:226.2,237.31 2 13
github.com/Ruben-Alvarez-Dev/jart-stow/internal/adapters/docker/scanner.go:237.31,238.39 1 41
github.com/Ruben-Alvarez-Dev/jart-stow/internal/adapters/docker/scanner.go:238.39,241.18 3 12
github.com/Ruben-Alvarez-Dev/jart-stow/internal/adapters/docker/scanner.go:241.18,243.5 1 1
github.com/Ruben-Alvarez-Dev/jart-stow/internal/adapters/docker/scanner.go:244.4,244.41 1 11
github.com/Ruben-Alvarez-Dev/jart-stow/internal/adapters/docker/scanner.go:247.2,247.10 1 1
github.com/Ruben-Alvarez-Dev/jart-stow/internal/adapters/docker/scanner.go:250.35,251.18 1 8
github.com/Ruben-Alvarez-Dev/jart-stow/internal/adapters/docker/scanner.go:251.18,253.3 1 1
github.com/Ruben-Alvarez-Dev/jart-stow/internal/adapters/docker/scanner.go:254.2,254.11 1 7
github.com/Ruben-Alvarez-Dev/jart-stow/internal/tui/screens/audit.go:30.100,36.2 1 0
github.com/Ruben-Alvarez-Dev/jart-stow/internal/tui/screens/audit.go:39.37,41.2 1 0
github.com/Ruben-Alvarez-Dev/jart-stow/internal/tui/screens/audit.go:44.63,45.27 1 0
github.com/Ruben-Alvarez-Dev/jart-stow/internal/tui/screens/audit.go:46.25,48.24 2 0
github.com/Ruben-Alvarez-Dev/jart-stow/internal/tui/screens/audit.go:50.18,51.23 1 0
github.com/Ruben-Alvarez-Dev/jart-stow/internal/tui/screens/audit.go:52.18,53.20 1 0
github.com/Ruben-Alvarez-Dev/jart-stow/internal/tui/screens/audit.go:53.20,55.5 1 0
github.com/Ruben-Alvarez-Dev/jart-stow/internal/tui/screens/audit.go:56.20,57.34 1 0
github.com/Ruben-Alvarez-Dev/jart-stow/internal/tui/screens/audit.go:57.34,59.5 1 0
github.com/Ruben-Alvarez-Dev/jart-stow/internal/tui/screens/audit.go:62.2,62.15 1 0
github.com/Ruben-Alvarez-Dev/jart-stow/internal/tui/screens/audit.go:66.36,67.18 1 0
github.com/Ruben-Alvarez-Dev/jart-stow/internal/tui/screens/audit.go:67.18,69.3 1 0
github.com/Ruben-Alvarez-Dev/jart-stow/internal/tui/screens/audit.go:71.2,89.63 8 0
github.com/Ruben-Alvarez-Dev/jart-stow/internal/tui/screens/audit.go:92.33,93.14 1 0
github.com/Ruben-Alvarez-Dev/jart-stow/internal/tui/screens/audit.go:93.14,95.3 1 0
github.com/Ruben-Alvarez-Dev/jart-stow/internal/tui/screens/audit.go:96.2,98.23 2 0
github.com/Ruben-Alvarez-Dev/jart-stow/internal/tui/screens/audit.go:98.23,100.17 2 0
github.com/Ruben-Alvarez-Dev/jart-stow/internal/tui/screens/audit.go:100.17,102.4 1 0
github.com/Ruben-Alvarez-Dev/jart-stow/internal/tui/screens/audit.go:106.44,109.2 2 0
github.com/Ruben-Alvarez-Dev/jart-stow/internal/tui/screens/audit.go:111.44,119.2 5 0
github.com/Ruben-Alvarez-Dev/jart-stow/internal/tui/screens/audit.go:121.58,126.23 3 0
github.com/Ruben-Alvarez-Dev/jart-stow/internal/tui/screens/audit.go:126.23,128.38 2 0
github.com/Ruben-Alvarez-Dev/jart-stow/internal/tui/screens/audit.go:128.38,131.44 2 0
github.com/Ruben-Alvarez-Dev/jart-stow/internal/tui/screens/audit.go:131.44,133.29 2 0
github.com/Ruben-Alvarez-Dev/jart-stow/internal/tui/screens/audit.go:133.29,135.27 2 0
github.com/Ruben-Alvarez-Dev/jart-stow/internal/tui/screens/audit.go:135.27,137.7 1 0
github.com/Ruben-Alvarez-Dev/jart-stow/internal/tui/screens/audit.go:138.6,139.34 2 0
github.com/Ruben-Alvarez-Dev/jart-stow/internal/tui/screens/audit.go:139.34,141.7 1 0
github.com/Ruben-Alvarez-Dev/jart-stow/internal/tui/screens/audit.go:142.6,145.23 4 0
github.com/Ruben-Alvarez-Dev/jart-stow/internal/tui/screens/audit.go:145.23,147.7 1 0
github.com/Ruben-Alvarez-Dev/jart-stow/internal/tui/screens/audit.go:148.6,149.33 2 0
github.com/Ruben-Alvarez-Dev/jart-stow/internal/tui/screens/audit.go:152.9,154.4 1 0
github.com/Ruben-Alvarez-Dev/jart-stow/internal/tui/screens/audit.go:155.8,157.3 1 0
github.com/Ruben-Alvarez-Dev/jart-stow/internal/tui/screens/audit.go:160.2,166.104 6 0
github.com/Ruben-Alvarez-Dev/jart-stow/internal/tui/screens/audit.go:169.58,176.2 3 0
github.com/Ruben-Alvarez-Dev/jart-stow/internal/tui/screens/audit.go:178.48,197.2 7 0
github.com/Ruben-Alvarez-Dev/jart-stow/internal/tui/screens/audit.go:199.44,201.2 1 0
github.com/Ruben-Alvarez-Dev/jart-stow/internal/tui/screens/audit.go:208.52,209.44 1 0
github.com/Ruben-Alvarez-Dev/jart-stow/internal/tui/screens/audit.go:209.44,211.3 1 0
github.com/Ruben-Alvarez-Dev/jart-stow/internal/tui/screens/audit.go:212.2,212.46 1 0
github.com/Ruben-Alvarez-Dev/jart-stow/internal/tui/screens/audit.go:212.46,214.3 1 0
github.com/Ruben-Alvarez-Dev/jart-stow/internal/tui/screens/audit.go:215.2,215.17 1 0
github.com/Ruben-Alvarez-Dev/jart-stow/internal/tui/screens/audit.go:219.73,221.29 2 0
github.com/Ruben-Alvarez-Dev/jart-stow/internal/tui/screens/audit.go:221.29,223.3 1 0
github.com/Ruben-Alvarez-Dev/jart-stow/internal/tui/screens/audit.go:224.2,224.15 1 0
github.com/Ruben-Alvarez-Dev/jart-stow/internal/tui/screens/audit.go:228.92,229.21 1 0
github.com/Ruben-Alvarez-Dev/jart-stow/internal/tui/screens/audit.go:229.21,231.3 1 0
github.com/Ruben-Alvarez-Dev/jart-stow/internal/tui/screens/audit.go:232.2,233.16 2 0
github.com/Ruben-Alvarez-Dev/jart-stow/internal/tui/screens/audit.go:233.16,235.3 1 0
github.com/Ruben-Alvarez-Dev/jart-stow/internal/tui/screens/audit.go:236.2,237.31 2 0
github.com/Ruben-Alvarez-Dev/jart-stow/internal/tui/screens/audit.go:237.31,238.32 1 0
github.com/Ruben-Alvarez-Dev/jart-stow/internal/tui/screens/audit.go:238.32,240.4 1 0
github.com/Ruben-Alvarez-Dev/jart-stow/internal/tui/screens/audit.go:242.2,242.14 1 0
github.com/Ruben-Alvarez-Dev/jart-stow/internal/tui/screens/dashboard.go:75.19,84.2 1 0
github.com/Ruben-Alvarez-Dev/jart-stow/internal/tui/screens/dashboard.go:87.41,89.2 1 0
github.com/Ruben-Alvarez-Dev/jart-stow/internal/tui/screens/dashboard.go:92.67,93.27 1 0
github.com/Ruben-Alvarez-Dev/jart-stow/internal/tui/screens/dashboard.go:94.25,96.24 2 0
github.com/Ruben-Alvarez-Dev/jart-stow/internal/tui/screens/dashboard.go:98.2,98.15 1 0
github.com/Ruben-Alvarez-Dev/jart-stow/internal/tui/screens/dashboard.go:102.40,103.18 1 0
github.com/Ruben-Alvarez-Dev/jart-stow/internal/tui/screens/dashboard.go:103.18,105.3 1 0
github.com/Ruben-Alvarez-Dev/jart-stow/internal/tui/screens/dashboard.go:107.2,127.63 10 0
github.com/Ruben-Alvarez-Dev/jart-stow/internal/tui/screens/dashboard.go:130.40,131.14 1 0
github.com/Ruben-Alvarez-Dev/jart-stow/internal/tui/screens/dashboard.go:131.14,133.3 1 0
github.com/Ruben-Alvarez-Dev/jart-stow/internal/tui/screens/dashboard.go:134.2,137.23 2 0
github.com/Ruben-Alvarez-Dev/jart-stow/internal/tui/screens/dashboard.go:137.23,139.17 2 0
github.com/Ruben-Alvarez-Dev/jart-stow/internal/tui/screens/dashboard.go:139.17,141.4 1 0
github.com/Ruben-Alvarez-Dev/jart-stow/internal/tui/screens/dashboard.go:145.2,145.25 1 0
github.com/Ruben-Alvarez-Dev/jart-stow/internal/tui/screens/dashboard.go:145.25,147.17 2 0
github.com/Ruben-Alvarez-Dev/jart-stow/internal/tui/screens/dashboard.go:147.17,149.4 1 0
github.com/Ruben-Alvarez-Dev/jart-stow/internal/tui/screens/dashboard.go:150.3,151.17 2 0
github.com/Ruben-Alvarez-Dev/jart-stow/internal/tui/screens/dashboard.go:151.17,153.4 1 0
github.com/Ruben-Alvarez-Dev/jart-stow/internal/tui/screens/dashboard.go:157.2,157.25 1 0
github.com/Ruben-Alvarez-Dev/jart-stow/internal/tui/screens/dashboard.go:157.25,159.17 2 0
github.com/Ruben-Alvarez-Dev/jart-stow/internal/tui/screens/dashboard.go:159.17,161.28 2 0
github.com/Ruben-Alvarez-Dev/jart-stow/internal/tui/screens/dashboard.go:161.28,163.5 1 0
github.com/Ruben-Alvarez-Dev/jart-stow/internal/tui/screens/dashboard.go:168.2,168.21 1 0
github.com/Ruben-Alvarez-Dev/jart-stow/internal/tui/screens/dashboard.go:168.21,170.17 2 0
github.com/Ruben-Alvarez-Dev/jart-stow/internal/tui/screens/dashboard.go:170.17,172.4 1 0
github.com/Ruben-Alvarez-Dev/jart-stow/internal/tui/screens/dashboard.go:176.48,184.2 3 0
github.com/Ruben-Alvarez-Dev/jart-stow/internal/tui/screens/dashboard.go:186.52,191.21 3 0
github.com/Ruben-Alvarez-Dev/jart-stow/internal/tui/screens/dashboard.go:191.21,193.3 1 0
github.com/Ruben-Alvarez-Dev/jart-stow/internal/tui/screens/dashboard.go:194.2,214.66 7 0
github.com/Ruben-Alvarez-Dev/jart-stow/internal/tui/screens/dashboard.go:217.51,236.2 8 0
github.com/Ruben-Alvarez-Dev/jart-stow/internal/tui/screens/dashboard.go:238.57,243.30 3 0
github.com/Ruben-Alvarez-Dev/jart-stow/internal/tui/screens/dashboard.go:243.30,248.3 2 0
github.com/Ruben-Alvarez-Dev/jart-stow/internal/tui/screens/dashboard.go:250.2,251.37 2 0
github.com/Ruben-Alvarez-Dev/jart-stow/internal/tui/screens/dashboard.go:251.37,257.3 5 0
github.com/Ruben-Alvarez-Dev/jart-stow/internal/tui/screens/dashboard.go:259.2,261.105 1 0
github.com/Ruben-Alvarez-Dev/jart-stow/internal/tui/screens/dashboard.go:264.48,266.2 1 0
github.com/Ruben-Alvarez-Dev/jart-stow/internal/tui/screens/dashboard.go:268.65,271.2 2 0
github.com/Ruben-Alvarez-Dev/jart-stow/internal/tui/screens/dashboard.go:273.52,274.32 1 0
github.com/Ruben-Alvarez-Dev/jart-stow/internal/tui/screens/dashboard.go:274.32,276.3 1 0
github.com/Ruben-Alvarez-Dev/jart-stow/internal/tui/screens/dashboard.go:277.2,277.70 1 0
github.com/Ruben-Alvarez-Dev/jart-stow/internal/tui/screens/dashboard.go:281.38,282.13 1 0
github.com/Ruben-Alvarez-Dev/jart-stow/internal/tui/screens/dashboard.go:282.13,284.3 1 0
github.com/Ruben-Alvarez-Dev/jart-stow/internal/tui/screens/dashboard.go:285.2,285.18 1 0
github.com/Ruben-Alvarez-Dev/jart-stow/internal/tui/screens/dashboard.go:289.43,290.11 1 0
github.com/Ruben-Alvarez-Dev/jart-stow/internal/tui/screens/dashboard.go:291.68,292.18 1 0
github.com/Ruben-Alvarez-Dev/jart-stow/internal/tui/screens/dashboard.go:293.29,294.18 1 0
github.com/Ruben-Alvarez-Dev/jart-stow/internal/tui/screens/dashboard.go:295.10,296.18 1 0
github.com/Ruben-Alvarez-Dev/jart-stow/internal/tui/screens/dashboard.go:301.30,302.12 1 0
github.com/Ruben-Alvarez-Dev/jart-stow/internal/tui/screens/dashboard.go:302.12,304.3 1 0
github.com/Ruben-Alvarez-Dev/jart-stow/internal/tui/screens/dashboard.go:305.2,305.16 1 0
github.com/Ruben-Alvarez-Dev/jart-stow/internal/tui/screens/dashboard.go:309.38,310.16 1 0
github.com/Ruben-Alvarez-Dev/jart-stow/internal/tui/screens/dashboard.go:310.16,312.3 1 0
github.com/Ruben-Alvarez-Dev/jart-stow/internal/tui/screens/dashboard.go:313.2,314.18 2 0
github.com/Ruben-Alvarez-Dev/jart-stow/internal/tui/screens/dashboard.go:314.18,316.3 1 0
github.com/Ruben-Alvarez-Dev/jart-stow/internal/tui/screens/dashboard.go:317.2,318.46 2 0
github.com/Ruben-Alvarez-Dev/jart-stow/internal/tui/screens/dashboard.go:318.46,321.3 2 0
github.com/Ruben-Alvarez-Dev/jart-stow/internal/tui/screens/dashboard.go:322.2,326.17 5 0
github.com/Ruben-Alvarez-Dev/jart-stow/internal/tui/screens/dashboard.go:326.17,328.3 1 0
github.com/Ruben-Alvarez-Dev/jart-stow/internal/tui/screens/dashboard.go:329.2,329.38 1 0
github.com/Ruben-Alvarez-Dev/jart-stow/internal/tui/screens/dashboard.go:332.25,333.12 1 0
github.com/Ruben-Alvarez-Dev/jart-stow/internal/tui/screens/dashboard.go:333.12,335.3 1 0
github.com/Ruben-Alvarez-Dev/jart-stow/internal/tui/screens/dashboard.go:336.2,339.9 4 0
github.com/Ruben-Alvarez-Dev/jart-stow/internal/tui/screens/dashboard.go:339.9,341.3 1 0
github.com/Ruben-Alvarez-Dev/jart-stow/internal/tui/screens/dashboard.go:342.2,342.12 1 0
github.com/Ruben-Alvarez-Dev/jart-stow/internal/tui/screens/dashboard.go:342.12,346.3 3 0
github.com/Ruben-Alvarez-Dev/jart-stow/internal/tui/screens/dashboard.go:347.2,347.9 1 0
github.com/Ruben-Alvarez-Dev/jart-stow/internal/tui/screens/dashboard.go:347.9,350.3 2 0
github.com/Ruben-Alvarez-Dev/jart-stow/internal/tui/screens/dashboard.go:351.2,351.24 1 0
github.com/Ruben-Alvarez-Dev/jart-stow/internal/tui/screens/dashboard.go:354.29,355.12 1 0
github.com/Ruben-Alvarez-Dev/jart-stow/internal/tui/screens/dashboard.go:355.12,357.3 1 0
github.com/Ruben-Alvarez-Dev/jart-stow/internal/tui/screens/dashboard.go:358.2,361.9 4 0
github.com/Ruben-Alvarez-Dev/jart-stow/internal/tui/screens/dashboard.go:361.9,363.3 1 0
github.com/Ruben-Alvarez-Dev/jart-stow/internal/tui/screens/dashboard.go:364.2,364.12 1 0
github.com/Ruben-Alvarez-Dev/jart-stow/internal/tui/screens/dashboard.go:364.12,368.3 3 0
github.com/Ruben-Alvarez-Dev/jart-stow/internal/tui/screens/dashboard.go:369.2,369.9 1 0
github.com/Ruben-Alvarez-Dev/jart-stow/internal/tui/screens/dashboard.go:369.9,372.3 2 0
github.com/Ruben-Alvarez-Dev/jart-stow/internal/tui/screens/dashboard.go:373.2,373.24 1 0
github.com/Ruben-Alvarez-Dev/jart-stow/internal/tui/screens/exclusions.go:47.86,54.2 1 0
github.com/Ruben-Alvarez-Dev/jart-stow/internal/tui/screens/exclusions.go:57.42,59.2 1 0
github.com/Ruben-Alvarez-Dev/jart-stow/internal/tui/screens/exclusions.go:62.68,63.27 1 0
github.com/Ruben-Alvarez-Dev/jart-stow/internal/tui/screens/exclusions.go:64.25,66.24 2 0
github.com/Ruben-Alvarez-Dev/jart-stow/internal/tui/screens/exclusions.go:68.18,69.23 1 0
github.com/Ruben-Alvarez-Dev/jart-stow/internal/tui/screens/exclusions.go:70.18,71.20 1 0
github.com/Ruben-Alvarez-Dev/jart-stow/internal/tui/screens/exclusions.go:71.20,73.5 1 0
github.com/Ruben-Alvarez-Dev/jart-stow/internal/tui/screens/exclusions.go:74.20,75.14 1 0
github.com/Ruben-Alvarez-Dev/jart-stow/internal/tui/screens/exclusions.go:76.12,79.16 2 0
github.com/Ruben-Alvarez-Dev/jart-stow/internal/tui/screens/exclusions.go:80.12,82.29 1 0
github.com/Ruben-Alvarez-Dev/jart-stow/internal/tui/screens/exclusions.go:83.16,84.25 1 0
github.com/Ruben-Alvarez-Dev/jart-stow/internal/tui/screens/exclusions.go:87.2,87.15 1 0
github.com/Ruben-Alvarez-Dev/jart-stow/internal/tui/screens/exclusions.go:91.41,92.18 1 0
github.com/Ruben-Alvarez-Dev/jart-stow/internal/tui/screens/exclusions.go:92.18,94.3 1 0
github.com/Ruben-Alvarez-Dev/jart-stow/internal/tui/screens/exclusions.go:96.2,117.63 9 0
github.com/Ruben-Alvarez-Dev/jart-stow/internal/tui/screens/exclusions.go:120.38,121.14 1 0
github.com/Ruben-Alvarez-Dev/jart-stow/internal/tui/screens/exclusions.go:121.14,123.3 1 0
github.com/Ruben-Alvarez-Dev/jart-stow/internal/tui/screens/exclusions.go:124.2,124.17 1 0
github.com/Ruben-Alvarez-Dev/jart-stow/internal/tui/screens/exclusions.go:128.49,133.2 4 0
github.com/Ruben-Alvarez-Dev/jart-stow/internal/tui/screens/exclusions.go:135.49,136.25 1 0
github.com/Ruben-Alvarez-Dev/jart-stow/internal/tui/screens/exclusions.go:136.25,138.3 1 0
github.com/Ruben-Alvarez-Dev/jart-stow/internal/tui/screens/exclusions.go:139.2,140.16 2 0
github.com/Ruben-Alvarez-Dev/jart-stow/internal/tui/screens/exclusions.go:140.16,142.3 1 0
github.com/Ruben-Alvarez-Dev/jart-stow/internal/tui/screens/exclusions.go:143.2,143.14 1 0
github.com/Ruben-Alvarez-Dev/jart-stow/internal/tui/screens/exclusions.go:146.52,157.14 8 0
github.com/Ruben-Alvarez-Dev/jart-stow/internal/tui/screens/exclusions.go:157.14,159.3 1 0
github.com/Ruben-Alvarez-Dev/jart-stow/internal/tui/screens/exclusions.go:159.8,161.3 1 0
github.com/Ruben-Alvarez-Dev/jart-stow/internal/tui/screens/exclusions.go:162.2,162.15 1 0
github.com/Ruben-Alvarez-Dev/jart-stow/internal/tui/screens/exclusions.go:162.15,164.3 1 0
github.com/Ruben-Alvarez-Dev/jart-stow/internal/tui/screens/exclusions.go:164.8,166.3 1 0
github.com/Ruben-Alvarez-Dev/jart-stow/internal/tui/screens/exclusions.go:167.2,167.15 1 0
github.com/Ruben-Alvarez-Dev/jart-stow/internal/tui/screens/exclusions.go:167.15,169.3 1 0
github.com/Ruben-Alvarez-Dev/jart-stow/internal/tui/screens/exclusions.go:169.8,171.3 1 0
github.com/Ruben-Alvarez-Dev/jart-stow/internal/tui/screens/exclusions.go:173.2,183.13 8 0
github.com/Ruben-Alvarez-Dev/jart-stow/internal/tui/screens/exclusions.go:183.13,185.3 1 0
github.com/Ruben-Alvarez-Dev/jart-stow/internal/tui/screens/exclusions.go:185.8,187.3 1 0
github.com/Ruben-Alvarez-Dev/jart-stow/internal/tui/screens/exclusions.go:188.2,188.13 1 0
github.com/Ruben-Alvarez-Dev/jart-stow/internal/tui/screens/exclusions.go:188.13,190.3 1 0
github.com/Ruben-Alvarez-Dev/jart-stow/internal/tui/screens/exclusions.go:190.8,192.3 1 0
github.com/Ruben-Alvarez-Dev/jart-stow/internal/tui/screens/exclusions.go:193.2,193.13 1 0
github.com/Ruben-Alvarez-Dev/jart-stow/internal/tui/screens/exclusions.go:193.13,195.3 1 0
github.com/Ruben-Alvarez-Dev/jart-stow/internal/tui/screens/exclusions.go:195.8,197.3 1 0
github.com/Ruben-Alvarez-Dev/jart-stow/internal/tui/screens/exclusions.go:199.2,202.79 3 0
github.com/Ruben-Alvarez-Dev/jart-stow/internal/tui/screens/exclusions.go:205.48,224.25 6 0
github.com/Ruben-Alvarez-Dev/jart-stow/internal/tui/screens/exclusions.go:224.25,226.40 2 0
github.com/Ruben-Alvarez-Dev/jart-stow/internal/tui/screens/exclusions.go:226.40,227.34 1 0
github.com/Ruben-Alvarez-Dev/jart-stow/internal/tui/screens/exclusions.go:227.34,228.16 1 0
github.com/Ruben-Alvarez-Dev/jart-stow/internal/tui/screens/exclusions.go:228.16,231.11 2 0
github.com/Ruben-Alvarez-Dev/jart-stow/internal/tui/screens/exclusions.go:233.5,234.22 2 0
github.com/Ruben-Alvarez-Dev/jart-stow/internal/tui/screens/exclusions.go:234.22,236.6 1 0
github.com/Ruben-Alvarez-Dev/jart-stow/internal/tui/screens/exclusions.go:237.5,244.65 2 0
github.com/Ruben-Alvarez-Dev/jart-stow/internal/tui/screens/exclusions.go:246.9,249.4 1 0
github.com/Ruben-Alvarez-Dev/jart-stow/internal/tui/screens/exclusions.go:250.8,253.3 1 0
github.com/Ruben-Alvarez-Dev/jart-stow/internal/tui/screens/exclusions.go:255.2,255.60 1 0
github.com/Ruben-Alvarez-Dev/jart-stow/internal/tui/screens/exclusions.go:258.54,266.2 4 0
github.com/Ruben-Alvarez-Dev/jart-stow/internal/tui/screens/exclusions.go:268.49,270.2 1 0
github.com/Ruben-Alvarez-Dev/jart-stow/internal/tui/screens/exclusions.go:272.41,273.12 1 0
github.com/Ruben-Alvarez-Dev/jart-stow/internal/tui/screens/exclusions.go:274.22,275.14 1 0
github.com/Ruben-Alvarez-Dev/jart-stow/internal/tui/screens/exclusions.go:276.28,277.15 1 0
github.com/Ruben-Alvarez-Dev/jart-stow/internal/tui/screens/exclusions.go:278.14,279.15 1 0
github.com/Ruben-Alvarez-Dev/jart-stow/internal/tui/screens/exclusions.go:280.10,281.12 1 0
github.com/Ruben-Alvarez-Dev/jart-stow/internal/tui/screens/hygiene.go:38.69,43.2 1 0
github.com/Ruben-Alvarez-Dev/jart-stow/internal/tui/screens/hygiene.go:46.39,48.2 1 0
github.com/Ruben-Alvarez-Dev/jart-stow/internal/tui/screens/hygiene.go:51.65,52.27 1 0
github.com/Ruben-Alvarez-Dev/jart-stow/internal/tui/screens/hygiene.go:53.25,55.24 2 0
github.com/Ruben-Alvarez-Dev/jart-stow/internal/tui/screens/hygiene.go:57.18,58.23 1 0
github.com/Ruben-Alvarez-Dev/jart-stow/internal/tui/screens/hygiene.go:59.14,61.16 2 0
github.com/Ruben-Alvarez-Dev/jart-stow/internal/tui/screens/hygiene.go:62.18,63.20 1 0
github.com/Ruben-Alvarez-Dev/jart-stow/internal/tui/screens/hygiene.go:63.20,65.5 1 0
github.com/Ruben-Alvarez-Dev/jart-stow/internal/tui/screens/hygiene.go:66.20,68.20 2 0
github.com/Ruben-Alvarez-Dev/jart-stow/internal/tui/screens/hygiene.go:68.20,70.5 1 0
github.com/Ruben-Alvarez-Dev/jart-stow/internal/tui/screens/hygiene.go:71.4,71.26 1 0
github.com/Ruben-Alvarez-Dev/jart-stow/internal/tui/screens/hygiene.go:71.26,73.5 1 0
github.com/Ruben-Alvarez-Dev/jart-stow/internal/tui/screens/hygiene.go:74.16,76.52 1 0
github.com/Ruben-Alvarez-Dev/jart-stow/internal/tui/screens/hygiene.go:76.52,79.5 2 0
github.com/Ruben-Alvarez-Dev/jart-stow/internal/tui/screens/hygiene.go:82.2,82.15 1 0
github.com/Ruben-Alvarez-Dev/jart-stow/internal/tui/screens/hygiene.go:86.38,87.18 1 0
github.com/Ruben-Alvarez-Dev/jart-stow/internal/tui/screens/hygiene.go:87.18,89.3 1 0
github.com/Ruben-Alvarez-Dev/jart-stow/internal/tui/screens/hygiene.go:91.2,109.63 8 0
github.com/Ruben-Alvarez-Dev/jart-stow/internal/tui/screens/hygiene.go:112.35,113.14 1 0
github.com/Ruben-Alvarez-Dev/jart-stow/internal/tui/screens/hygiene.go:113.14,115.3 1 0
github.com/Ruben-Alvarez-Dev/jart-stow/internal/tui/screens/hygiene.go:116.2,118.19 2 0
github.com/Ruben-Alvarez-Dev/jart-stow/internal/tui/screens/hygiene.go:118.19,120.17 2 0
github.com/Ruben-Alvarez-Dev/jart-stow/internal/tui/screens/hygiene.go:120.17,123.4 2 0
github.com/Ruben-Alvarez-Dev/jart-stow/internal/tui/screens/hygiene.go:127.36,128.57 1 0
github.com/Ruben-Alvarez-Dev/jart-stow/internal/tui/screens/hygiene.go:128.57,130.3 1 0
github.com/Ruben-Alvarez-Dev/jart-stow/internal/tui/screens/hygiene.go:131.2,133.16 3 0
github.com/Ruben-Alvarez-Dev/jart-stow/internal/tui/screens/hygiene.go:133.16,135.3 1 0
github.com/Ruben-Alvarez-Dev/jart-stow/internal/tui/screens/hygiene.go:138.46,141.19 3 0
github.com/Ruben-Alvarez-Dev/jart-stow/internal/tui/screens/hygiene.go:141.19,143.17 2 0
github.com/Ruben-Alvarez-Dev/jart-stow/internal/tui/screens/hygiene.go:143.17,145.4 1 0
github.com/Ruben-Alvarez-Dev/jart-stow/internal/tui/screens/hygiene.go:147.2,148.69 2 0
github.com/Ruben-Alvarez-Dev/jart-stow/internal/tui/screens/hygiene.go:151.46,159.2 5 0
github.com/Ruben-Alvarez-Dev/jart-stow/internal/tui/screens/hygiene.go:161.66,165.27 3 0
github.com/Ruben-Alvarez-Dev/jart-stow/internal/tui/screens/hygiene.go:165.27,166.36 1 0
github.com/Ruben-Alvarez-Dev/jart-stow/internal/tui/screens/hygiene.go:166.36,168.21 2 0
github.com/Ruben-Alvarez-Dev/jart-stow/internal/tui/screens/hygiene.go:168.21,171.5 2 0
github.com/Ruben-Alvarez-Dev/jart-stow/internal/tui/screens/hygiene.go:172.4,173.37 2 0
github.com/Ruben-Alvarez-Dev/jart-stow/internal/tui/screens/hygiene.go:173.37,175.5 1 0
github.com/Ruben-Alvarez-Dev/jart-stow/internal/tui/screens/hygiene.go:176.4,178.31 3 0
github.com/Ruben-Alvarez-Dev/jart-stow/internal/tui/screens/hygiene.go:180.8,182.3 1 0
github.com/Ruben-Alvarez-Dev/jart-stow/internal/tui/screens/hygiene.go:184.2,190.18 5 0
github.com/Ruben-Alvarez-Dev/jart-stow/internal/tui/screens/hygiene.go:190.18,192.3 1 0
github.com/Ruben-Alvarez-Dev/jart-stow/internal/tui/screens/hygiene.go:193.2,193.92 1 0
github.com/Ruben-Alvarez-Dev/jart-stow/internal/tui/screens/hygiene.go:196.59,200.22 3 0
github.com/Ruben-Alvarez-Dev/jart-stow/internal/tui/screens/hygiene.go:200.22,201.32 1 0
github.com/Ruben-Alvarez-Dev/jart-stow/internal/tui/screens/hygiene.go:201.32,203.37 2 0
github.com/Ruben-Alvarez-Dev/jart-stow/internal/tui/screens/hygiene.go:203.37,205.5 1 0
github.com/Ruben-Alvarez-Dev/jart-stow/internal/tui/screens/hygiene.go:206.4,207.25 2 0
github.com/Ruben-Alvarez-Dev/jart-stow/internal/tui/screens/hygiene.go:207.25,209.5 1 0
github.com/Ruben-Alvarez-Dev/jart-stow/internal/tui/screens/hygiene.go:209.10,209.31 1 0
github.com/Ruben-Alvarez-Dev/jart-stow/internal/tui/screens/hygiene.go:209.31,211.5 1 0
github.com/Ruben-Alvarez-Dev/jart-stow/internal/tui/screens/hygiene.go:212.4,213.31 2 0
github.com/Ruben-Alvarez-Dev/jart-stow/internal/tui/screens/hygiene.go:217.3,219.32 3 0
github.com/Ruben-Alvarez-Dev/jart-stow/internal/tui/screens/hygiene.go:219.32,221.4 1 0
github.com/Ruben-Alvarez-Dev/jart-stow/internal/tui/screens/hygiene.go:222.3,223.33 2 0
github.com/Ruben-Alvarez-Dev/jart-stow/internal/tui/screens/hygiene.go:224.8,225.46 1 0
github.com/Ruben-Alvarez-Dev/jart-stow/internal/tui/screens/hygiene.go:225.46,227.4 1 0
github.com/Ruben-Alvarez-Dev/jart-stow/internal/tui/screens/hygiene.go:227.9,229.4 1 0
github.com/Ruben-Alvarez-Dev/jart-stow/internal/tui/screens/hygiene.go:232.2,238.18 5 0
github.com/Ruben-Alvarez-Dev/jart-stow/internal/tui/screens/hygiene.go:238.18,240.3 1 0
github.com/Ruben-Alvarez-Dev/jart-stow/internal/tui/screens/hygiene.go:241.2,241.92 1 0
github.com/Ruben-Alvarez-Dev/jart-stow/internal/tui/screens/hygiene.go:244.51,249.45 4 0
github.com/Ruben-Alvarez-Dev/jart-stow/internal/tui/screens/hygiene.go:249.45,252.40 3 0
github.com/Ruben-Alvarez-Dev/jart-stow/internal/tui/screens/hygiene.go:252.40,254.4 1 0
github.com/Ruben-Alvarez-Dev/jart-stow/internal/tui/screens/hygiene.go:255.3,261.58 2 0
github.com/Ruben-Alvarez-Dev/jart-stow/internal/tui/screens/hygiene.go:262.8,264.3 1 0
github.com/Ruben-Alvarez-Dev/jart-stow/internal/tui/screens/hygiene.go:266.2,268.65 1 0
github.com/Ruben-Alvarez-Dev/jart-stow/internal/tui/screens/hygiene.go:271.46,273.2 1 0
github.com/Ruben-Alvarez-Dev/jart-stow/internal/tui/screens/hygiene.go:276.54,277.17 1 0
github.com/Ruben-Alvarez-Dev/jart-stow/internal/tui/screens/hygiene.go:278.28,279.20 1 0
github.com/Ruben-Alvarez-Dev/jart-stow/internal/tui/screens/hygiene.go:280.26,281.18 1 0
github.com/Ruben-Alvarez-Dev/jart-stow/internal/tui/screens/hygiene.go:282.27,283.19 1 0
github.com/Ruben-Alvarez-Dev/jart-stow/internal/tui/screens/hygiene.go:284.32,285.16 1 0
github.com/Ruben-Alvarez-Dev/jart-stow/internal/tui/screens/hygiene.go:286.26,287.18 1 0
github.com/Ruben-Alvarez-Dev/jart-stow/internal/tui/screens/hygiene.go:288.27,289.19 1 0
github.com/Ruben-Alvarez-Dev/jart-stow/internal/tui/screens/hygiene.go:290.26,291.18 1 0
github.com/Ruben-Alvarez-Dev/jart-stow/internal/tui/screens/hygiene.go:292.10,293.15 1 0
github.com/Ruben-Alvarez-Dev/jart-stow/internal/tui/screens/hygiene.go:298.65,299.11 1 0
github.com/Ruben-Alvarez-Dev/jart-stow/internal/tui/screens/hygiene.go:300.34,301.26 1 0
github.com/Ruben-Alvarez-Dev/jart-stow/internal/tui/screens/hygiene.go:302.35,303.20 1 0
github.com/Ruben-Alvarez-Dev/jart-stow/internal/tui/screens/hygiene.go:304.34,305.19 1 0
github.com/Ruben-Alvarez-Dev/jart-stow/internal/tui/screens/hygiene.go:306.10,307.19 1 0
github.com/Ruben-Alvarez-Dev/jart-stow/internal/tui/screens/report.go:28.98,34.2 1 0
github.com/Ruben-Alvarez-Dev/jart-stow/internal/tui/screens/report.go:37.38,39.2 1 0
github.com/Ruben-Alvarez-Dev/jart-stow/internal/tui/screens/report.go:42.64,43.27 1 0
github.com/Ruben-Alvarez-Dev/jart-stow/internal/tui/screens/report.go:44.25,46.24 2 0
github.com/Ruben-Alvarez-Dev/jart-stow/internal/tui/screens/report.go:48.2,48.15 1 0
github.com/Ruben-Alvarez-Dev/jart-stow/internal/tui/screens/report.go:52.37,53.18 1 0
github.com/Ruben-Alvarez-Dev/jart-stow/internal/tui/screens/report.go:53.18,55.3 1 0
github.com/Ruben-Alvarez-Dev/jart-stow/internal/tui/screens/report.go:57.2,77.63 9 0
github.com/Ruben-Alvarez-Dev/jart-stow/internal/tui/screens/report.go:80.34,81.14 1 0
github.com/Ruben-Alvarez-Dev/jart-stow/internal/tui/screens/report.go:81.14,83.3 1 0
github.com/Ruben-Alvarez-Dev/jart-stow/internal/tui/screens/report.go:84.2,84.17 1 0
github.com/Ruben-Alvarez-Dev/jart-stow/internal/tui/screens/report.go:87.45,90.2 2 0
github.com/Ruben-Alvarez-Dev/jart-stow/internal/tui/screens/report.go:92.49,97.25 4 0
github.com/Ruben-Alvarez-Dev/jart-stow/internal/tui/screens/report.go:97.25,99.17 2 0
github.com/Ruben-Alvarez-Dev/jart-stow/internal/tui/screens/report.go:99.17,101.4 1 0
github.com/Ruben-Alvarez-Dev/jart-stow/internal/tui/screens/report.go:104.2,104.46 1 0
github.com/Ruben-Alvarez-Dev/jart-stow/internal/tui/screens/report.go:104.46,109.3 2 0
github.com/Ruben-Alvarez-Dev/jart-stow/internal/tui/screens/report.go:112.2,115.62 2 0
github.com/Ruben-Alvarez-Dev/jart-stow/internal/tui/screens/report.go:118.62,122.34 3 0
github.com/Ruben-Alvarez-Dev/jart-stow/internal/tui/screens/report.go:122.34,125.3 2 0
github.com/Ruben-Alvarez-Dev/jart-stow/internal/tui/screens/report.go:126.2,126.34 1 0
github.com/Ruben-Alvarez-Dev/jart-stow/internal/tui/screens/report.go:126.34,129.3 2 0
github.com/Ruben-Alvarez-Dev/jart-stow/internal/tui/screens/report.go:132.2,137.12 5 0
github.com/Ruben-Alvarez-Dev/jart-stow/internal/tui/screens/report.go:140.85,141.14 1 0
github.com/Ruben-Alvarez-Dev/jart-stow/internal/tui/screens/report.go:141.14,143.3 1 0
github.com/Ruben-Alvarez-Dev/jart-stow/internal/tui/screens/report.go:144.2,145.20 2 0
github.com/Ruben-Alvarez-Dev/jart-stow/internal/tui/screens/report.go:145.20,147.3 1 0
github.com/Ruben-Alvarez-Dev/jart-stow/internal/tui/screens/report.go:149.2,150.30 2 0
github.com/Ruben-Alvarez-Dev/jart-stow/internal/tui/screens/report.go:150.30,152.3 1 0
github.com/Ruben-Alvarez-Dev/jart-stow/internal/tui/screens/report.go:153.2,153.34 1 0
github.com/Ruben-Alvarez-Dev/jart-stow/internal/tui/screens/report.go:153.34,155.3 1 0
github.com/Ruben-Alvarez-Dev/jart-stow/internal/tui/screens/report.go:156.2,156.12 1 0
github.com/Ruben-Alvarez-Dev/jart-stow/internal/tui/screens/report.go:159.45,167.2 5 0
github.com/Ruben-Alvarez-Dev/jart-stow/internal/tui/screens/report.go:169.62,176.25 4 0
github.com/Ruben-Alvarez-Dev/jart-stow/internal/tui/screens/report.go:176.25,178.17 2 0
github.com/Ruben-Alvarez-Dev/jart-stow/internal/tui/screens/report.go:178.17,179.33 1 0
github.com/Ruben-Alvarez-Dev/jart-stow/internal/tui/screens/report.go:179.33,182.5 2 0
github.com/Ruben-Alvarez-Dev/jart-stow/internal/tui/screens/report.go:186.2,186.29 1 0
github.com/Ruben-Alvarez-Dev/jart-stow/internal/tui/screens/report.go:186.29,191.3 1 0
github.com/Ruben-Alvarez-Dev/jart-stow/internal/tui/screens/report.go:193.2,194.43 2 0
github.com/Ruben-Alvarez-Dev/jart-stow/internal/tui/screens/report.go:194.43,196.21 2 0
github.com/Ruben-Alvarez-Dev/jart-stow/internal/tui/screens/report.go:196.21,198.4 1 0
github.com/Ruben-Alvarez-Dev/jart-stow/internal/tui/screens/report.go:199.3,200.19 2 0
github.com/Ruben-Alvarez-Dev/jart-stow/internal/tui/screens/report.go:200.19,202.4 1 0
github.com/Ruben-Alvarez-Dev/jart-stow/internal/tui/screens/report.go:203.3,204.17 2 0
github.com/Ruben-Alvarez-Dev/jart-stow/internal/tui/screens/report.go:204.17,206.4 1 0
github.com/Ruben-Alvarez-Dev/jart-stow/internal/tui/screens/report.go:207.3,213.30 3 0
github.com/Ruben-Alvarez-Dev/jart-stow/internal/tui/screens/report.go:216.2,218.105 1 0
github.com/Ruben-Alvarez-Dev/jart-stow/internal/tui/screens/report.go:221.61,228.25 4 0
github.com/Ruben-Alvarez-Dev/jart-stow/internal/tui/screens/report.go:228.25,230.17 2 0
github.com/Ruben-Alvarez-Dev/jart-stow/internal/tui/screens/report.go:230.17,231.33 1 0
github.com/Ruben-Alvarez-Dev/jart-stow/internal/tui/screens/report.go:231.33,235.5 3 0
github.com/Ruben-Alvarez-Dev/jart-stow/internal/tui/screens/report.go:239.2,239.28 1 0
github.com/Ruben-Alvarez-Dev/jart-stow/internal/tui/screens/report.go:239.28,244.3 1 0
github.com/Ruben-Alvarez-Dev/jart-stow/internal/tui/screens/report.go:246.2,247.41 2 0
github.com/Ruben-Alvarez-Dev/jart-stow/internal/tui/screens/report.go:247.41,249.21 2 0
github.com/Ruben-Alvarez-Dev/jart-stow/internal/tui/screens/report.go:249.21,251.4 1 0
github.com/Ruben-Alvarez-Dev/jart-stow/internal/tui/screens/report.go:252.3,253.30 2 0
github.com/Ruben-Alvarez-Dev/jart-stow/internal/tui/screens/report.go:256.2,258.105 1 0
github.com/Ruben-Alvarez-Dev/jart-stow/internal/tui/screens/report.go:261.52,266.21 4 0
github.com/Ruben-Alvarez-Dev/jart-stow/internal/tui/screens/report.go:266.21,268.17 2 0
github.com/Ruben-Alvarez-Dev/jart-stow/internal/tui/screens/report.go:268.17,270.4 1 0
github.com/Ruben-Alvarez-Dev/jart-stow/internal/tui/screens/report.go:273.2,286.105 2 0
github.com/Ruben-Alvarez-Dev/jart-stow/internal/tui/screens/report.go:289.45,291.2 1 0
github.com/Ruben-Alvarez-Dev/jart-stow/internal/tui/screens/report.go:293.36,296.17 3 0
github.com/Ruben-Alvarez-Dev/jart-stow/internal/tui/screens/report.go:296.17,298.3 1 0
github.com/Ruben-Alvarez-Dev/jart-stow/internal/tui/screens/report.go:299.2,299.22 1 0
github.com/Ruben-Alvarez-Dev/jart-stow/internal/tui/screens/rules.go:34.66,39.2 1 0
github.com/Ruben-Alvarez-Dev/jart-stow/internal/tui/screens/rules.go:42.37,44.2 1 0
github.com/Ruben-Alvarez-Dev/jart-stow/internal/tui/screens/rules.go:47.63,48.27 1 0
github.com/Ruben-Alvarez-Dev/jart-stow/internal/tui/screens/rules.go:49.25,51.24 2 0
github.com/Ruben-Alvarez-Dev/jart-stow/internal/tui/screens/rules.go:53.18,54.23 1 0
github.com/Ruben-Alvarez-Dev/jart-stow/internal/tui/screens/rules.go:55.18,56.20 1 0
github.com/Ruben-Alvarez-Dev/jart-stow/internal/tui/screens/rules.go:56.20,58.5 1 0
github.com/Ruben-Alvarez-Dev/jart-stow/internal/tui/screens/rules.go:59.20,60.14 1 0
github.com/Ruben-Alvarez-Dev/jart-stow/internal/tui/screens/rules.go:61.14,63.16 2 0
github.com/Ruben-Alvarez-Dev/jart-stow/internal/tui/screens/rules.go:66.2,66.15 1 0
github.com/Ruben-Alvarez-Dev/jart-stow/internal/tui/screens/rules.go:70.36,71.18 1 0
github.com/Ruben-Alvarez-Dev/jart-stow/internal/tui/screens/rules.go:71.18,73.3 1 0
github.com/Ruben-Alvarez-Dev/jart-stow/internal/tui/screens/rules.go:75.2,93.63 8 0
github.com/Ruben-Alvarez-Dev/jart-stow/internal/tui/screens/rules.go:96.33,97.14 1 0
github.com/Ruben-Alvarez-Dev/jart-stow/internal/tui/screens/rules.go:97.14,99.3 1 0
github.com/Ruben-Alvarez-Dev/jart-stow/internal/tui/screens/rules.go:100.2,100.17 1 0
github.com/Ruben-Alvarez-Dev/jart-stow/internal/tui/screens/rules.go:103.44,108.2 4 0
github.com/Ruben-Alvarez-Dev/jart-stow/internal/tui/screens/rules.go:110.39,111.20 1 0
github.com/Ruben-Alvarez-Dev/jart-stow/internal/tui/screens/rules.go:111.20,113.3 1 0
github.com/Ruben-Alvarez-Dev/jart-stow/internal/tui/screens/rules.go:114.2,116.35 3 0
github.com/Ruben-Alvarez-Dev/jart-stow/internal/tui/screens/rules.go:119.51,134.20 7 0
github.com/Ruben-Alvarez-Dev/jart-stow/internal/tui/screens/rules.go:134.20,136.35 2 0
github.com/Ruben-Alvarez-Dev/jart-stow/internal/tui/screens/rules.go:136.35,138.31 2 0
github.com/Ruben-Alvarez-Dev/jart-stow/internal/tui/screens/rules.go:138.31,140.38 2 0
github.com/Ruben-Alvarez-Dev/jart-stow/internal/tui/screens/rules.go:140.38,142.6 1 0
github.com/Ruben-Alvarez-Dev/jart-stow/internal/tui/screens/rules.go:143.5,144.22 2 0
github.com/Ruben-Alvarez-Dev/jart-stow/internal/tui/screens/rules.go:144.22,146.6 1 0
github.com/Ruben-Alvarez-Dev/jart-stow/internal/tui/screens/rules.go:147.5,153.29 2 0
github.com/Ruben-Alvarez-Dev/jart-stow/internal/tui/screens/rules.go:155.4,155.59 1 0
github.com/Ruben-Alvarez-Dev/jart-stow/internal/tui/screens/rules.go:156.9,160.4 1 0
github.com/Ruben-Alvarez-Dev/jart-stow/internal/tui/screens/rules.go:161.8,165.3 1 0
github.com/Ruben-Alvarez-Dev/jart-stow/internal/tui/screens/rules.go:167.2,168.18 2 0
github.com/Ruben-Alvarez-Dev/jart-stow/internal/tui/screens/rules.go:168.18,170.3 1 0
github.com/Ruben-Alvarez-Dev/jart-stow/internal/tui/screens/rules.go:171.2,171.96 1 0
github.com/Ruben-Alvarez-Dev/jart-stow/internal/tui/screens/rules.go:174.52,188.20 7 0
github.com/Ruben-Alvarez-Dev/jart-stow/internal/tui/screens/rules.go:188.20,190.35 2 0
github.com/Ruben-Alvarez-Dev/jart-stow/internal/tui/screens/rules.go:190.35,192.31 2 0
github.com/Ruben-Alvarez-Dev/jart-stow/internal/tui/screens/rules.go:192.31,194.38 2 0
github.com/Ruben-Alvarez-Dev/jart-stow/internal/tui/screens/rules.go:194.38,196.6 1 0
github.com/Ruben-Alvarez-Dev/jart-stow/internal/tui/screens/rules.go:197.5,198.30 2 0
github.com/Ruben-Alvarez-Dev/jart-stow/internal/tui/screens/rules.go:198.30,200.6 1 0
github.com/Ruben-Alvarez-Dev/jart-stow/internal/tui/screens/rules.go:201.5,207.29 2 0
github.com/Ruben-Alvarez-Dev/jart-stow/internal/tui/screens/rules.go:209.4,209.59 1 0
github.com/Ruben-Alvarez-Dev/jart-stow/internal/tui/screens/rules.go:210.9,214.4 1 0
github.com/Ruben-Alvarez-Dev/jart-stow/internal/tui/screens/rules.go:215.8,219.3 1 0
github.com/Ruben-Alvarez-Dev/jart-stow/internal/tui/screens/rules.go:221.2,222.18 2 0
github.com/Ruben-Alvarez-Dev/jart-stow/internal/tui/screens/rules.go:222.18,224.3 1 0
github.com/Ruben-Alvarez-Dev/jart-stow/internal/tui/screens/rules.go:225.2,225.96 1 0
github.com/Ruben-Alvarez-Dev/jart-stow/internal/tui/screens/rules.go:228.44,230.2 1 0
github.com/Ruben-Alvarez-Dev/jart-stow/internal/tui/screens/scanner.go:30.82,36.2 1 0
github.com/Ruben-Alvarez-Dev/jart-stow/internal/tui/screens/scanner.go:39.39,41.2 1 0
github.com/Ruben-Alvarez-Dev/jart-stow/internal/tui/screens/scanner.go:44.65,45.27 1 0
github.com/Ruben-Alvarez-Dev/jart-stow/internal/tui/screens/scanner.go:46.25,48.24 2 0
github.com/Ruben-Alvarez-Dev/jart-stow/internal/tui/screens/scanner.go:50.18,51.23 1 0
github.com/Ruben-Alvarez-Dev/jart-stow/internal/tui/screens/scanner.go:52.14,53.31 1 0
github.com/Ruben-Alvarez-Dev/jart-stow/internal/tui/screens/scanner.go:54.18,55.42 1 0
github.com/Ruben-Alvarez-Dev/jart-stow/internal/tui/screens/scanner.go:55.42,57.5 1 0
github.com/Ruben-Alvarez-Dev/jart-stow/internal/tui/screens/scanner.go:58.20,59.20 1 0
github.com/Ruben-Alvarez-Dev/jart-stow/internal/tui/screens/scanner.go:59.20,61.5 1 0
github.com/Ruben-Alvarez-Dev/jart-stow/internal/tui/screens/scanner.go:64.2,64.15 1 0
github.com/Ruben-Alvarez-Dev/jart-stow/internal/tui/screens/scanner.go:68.38,69.18 1 0
github.com/Ruben-Alvarez-Dev/jart-stow/internal/tui/screens/scanner.go:69.18,71.3 1 0
github.com/Ruben-Alvarez-Dev/jart-stow/internal/tui/screens/scanner.go:73.2,89.63 7 0
github.com/Ruben-Alvarez-Dev/jart-stow/internal/tui/screens/scanner.go:92.46,95.2 2 0
github.com/Ruben-Alvarez-Dev/jart-stow/internal/tui/screens/scanner.go:97.46,105.2 5 0
github.com/Ruben-Alvarez-Dev/jart-stow/internal/tui/screens/scanner.go:107.58,115.25 5 0
github.com/Ruben-Alvarez-Dev/jart-stow/internal/tui/screens/scanner.go:115.25,117.17 2 0
github.com/Ruben-Alvarez-Dev/jart-stow/internal/tui/screens/scanner.go:117.17,118.31 1 0
github.com/Ruben-Alvarez-Dev/jart-stow/internal/tui/screens/scanner.go:118.31,121.5 2 0
github.com/Ruben-Alvarez-Dev/jart-stow/internal/tui/screens/scanner.go:125.2,125.21 1 0
github.com/Ruben-Alvarez-Dev/jart-stow/internal/tui/screens/scanner.go:125.21,127.3 1 0
github.com/Ruben-Alvarez-Dev/jart-stow/internal/tui/screens/scanner.go:129.2,140.18 10 0
github.com/Ruben-Alvarez-Dev/jart-stow/internal/tui/screens/scanner.go:140.18,142.3 1 0
github.com/Ruben-Alvarez-Dev/jart-stow/internal/tui/screens/scanner.go:143.2,145.66 1 0
github.com/Ruben-Alvarez-Dev/jart-stow/internal/tui/screens/scanner.go:148.59,154.18 4 0
github.com/Ruben-Alvarez-Dev/jart-stow/internal/tui/screens/scanner.go:154.18,156.3 1 0
github.com/Ruben-Alvarez-Dev/jart-stow/internal/tui/screens/scanner.go:157.2,159.67 1 0
github.com/Ruben-Alvarez-Dev/jart-stow/internal/tui/screens/scanner.go:162.48,170.2 4 0
github.com/Ruben-Alvarez-Dev/jart-stow/internal/tui/screens/scanner.go:172.46,174.2 1 0
github.com/Ruben-Alvarez-Dev/jart-stow/internal/tui/screens/scanner.go:176.41,178.21 2 0
github.com/Ruben-Alvarez-Dev/jart-stow/internal/tui/screens/scanner.go:178.21,180.3 1 0
github.com/Ruben-Alvarez-Dev/jart-stow/internal/tui/screens/scanner.go:181.2,181.20 1 0
github.com/Ruben-Alvarez-Dev/jart-stow/internal/tui/theme/style.go:46.24,110.2 18 0
github.com/Ruben-Alvarez-Dev/jart-stow/internal/tui/theme/style.go:114.48,115.13 1 0
github.com/Ruben-Alvarez-Dev/jart-stow/internal/tui/theme/style.go:115.13,117.3 1 0
github.com/Ruben-Alvarez-Dev/jart-stow/internal/tui/theme/style.go:118.2,118.41 1 0
github.com/Ruben-Alvarez-Dev/jart-stow/internal/tui/theme/style.go:123.41,124.31 1 0
github.com/Ruben-Alvarez-Dev/jart-stow/internal/tui/theme/style.go:124.31,126.3 1 0
github.com/Ruben-Alvarez-Dev/jart-stow/internal/tui/theme/style.go:127.2,127.14 1 0
github.com/Ruben-Alvarez-Dev/jart-stow/internal/tui/theme/style.go:127.14,129.3 1 0
github.com/Ruben-Alvarez-Dev/jart-stow/internal/tui/theme/style.go:130.2,130.26 1 0
github.com/Ruben-Alvarez-Dev/jart-stow/internal/adapters/fsevents/watcher.go:24.37,26.16 2 3
github.com/Ruben-Alvarez-Dev/jart-stow/internal/adapters/fsevents/watcher.go:26.16,28.3 1 0
github.com/Ruben-Alvarez-Dev/jart-stow/internal/adapters/fsevents/watcher.go:29.2,35.8 1 3
github.com/Ruben-Alvarez-Dev/jart-stow/internal/adapters/fsevents/watcher.go:39.64,41.2 1 0
github.com/Ruben-Alvarez-Dev/jart-stow/internal/adapters/fsevents/watcher.go:44.47,46.2 1 0
github.com/Ruben-Alvarez-Dev/jart-stow/internal/adapters/fsevents/watcher.go:50.58,52.2 1 0
github.com/Ruben-Alvarez-Dev/jart-stow/internal/adapters/fsevents/watcher.go:55.42,57.2 1 0
github.com/Ruben-Alvarez-Dev/jart-stow/internal/adapters/fsevents/watcher.go:60.34,63.2 2 3
github.com/Ruben-Alvarez-Dev/jart-stow/internal/adapters/fsevents/watcher.go:66.52,71.2 4 4
github.com/Ruben-Alvarez-Dev/jart-stow/internal/adapters/fsevents/watcher.go:75.28,76.12 1 0
github.com/Ruben-Alvarez-Dev/jart-stow/internal/adapters/fsevents/watcher.go:76.12,80.7 3 0
github.com/Ruben-Alvarez-Dev/jart-stow/internal/adapters/fsevents/watcher.go:80.7,81.11 1 0
github.com/Ruben-Alvarez-Dev/jart-stow/internal/adapters/fsevents/watcher.go:82.19,83.11 1 0
github.com/Ruben-Alvarez-Dev/jart-stow/internal/adapters/fsevents/watcher.go:84.36,85.12 1 0
github.com/Ruben-Alvarez-Dev/jart-stow/internal/adapters/fsevents/watcher.go:85.12,87.6 1 0
github.com/Ruben-Alvarez-Dev/jart-stow/internal/adapters/fsevents/watcher.go:88.5,91.16 4 0
github.com/Ruben-Alvarez-Dev/jart-stow/internal/adapters/fsevents/watcher.go:91.16,92.14 1 0
github.com/Ruben-Alvarez-Dev/jart-stow/internal/adapters/fsevents/watcher.go:94.5,97.6 1 0
github.com/Ruben-Alvarez-Dev/jart-stow/internal/adapters/fsevents/watcher.go:98.34,99.12 1 0
github.com/Ruben-Alvarez-Dev/jart-stow/internal/adapters/fsevents/watcher.go:99.12,101.6 1 0
github.com/Ruben-Alvarez-Dev/jart-stow/internal/adapters/fsevents/watcher.go:102.5,102.12 1 0
github.com/Ruben-Alvarez-Dev/jart-stow/internal/adapters/fsevents/watcher.go:103.27,103.27 0 0
github.com/Ruben-Alvarez-Dev/jart-stow/internal/adapters/fsevents/watcher.go:104.20,105.12 1 0
github.com/Ruben-Alvarez-Dev/jart-stow/internal/adapters/fsevents/watcher.go:113.47,114.9 1 7
github.com/Ruben-Alvarez-Dev/jart-stow/internal/adapters/fsevents/watcher.go:115.31,116.24 1 2
github.com/Ruben-Alvarez-Dev/jart-stow/internal/adapters/fsevents/watcher.go:117.31,118.24 1 2
github.com/Ruben-Alvarez-Dev/jart-stow/internal/adapters/fsevents/watcher.go:119.31,120.24 1 1
github.com/Ruben-Alvarez-Dev/jart-stow/internal/adapters/fsevents/watcher.go:121.30,122.24 1 1
github.com/Ruben-Alvarez-Dev/jart-stow/internal/adapters/fsevents/watcher.go:123.10,124.11 1 1
github.com/Ruben-Alvarez-Dev/jart-stow/internal/adapters/filesystem/scanner.go:18.36,20.2 1 3
github.com/Ruben-Alvarez-Dev/jart-stow/internal/adapters/filesystem/scanner.go:23.37,25.2 1 2
github.com/Ruben-Alvarez-Dev/jart-stow/internal/adapters/filesystem/scanner.go:28.106,29.34 1 2
github.com/Ruben-Alvarez-Dev/jart-stow/internal/adapters/filesystem/scanner.go:29.34,31.3 1 2
github.com/Ruben-Alvarez-Dev/jart-stow/internal/adapters/filesystem/scanner.go:33.2,39.16 6 0
github.com/Ruben-Alvarez-Dev/jart-stow/internal/adapters/filesystem/scanner.go:39.16,41.3 1 0
github.com/Ruben-Alvarez-Dev/jart-stow/internal/adapters/filesystem/scanner.go:43.2,43.33 1 0
github.com/Ruben-Alvarez-Dev/jart-stow/internal/adapters/filesystem/scanner.go:43.33,45.17 2 0
github.com/Ruben-Alvarez-Dev/jart-stow/internal/adapters/filesystem/scanner.go:45.17,46.12 1 0
github.com/Ruben-Alvarez-Dev/jart-stow/internal/adapters/filesystem/scanner.go:48.3,48.20 1 0
github.com/Ruben-Alvarez-Dev/jart-stow/internal/adapters/filesystem/scanner.go:48.20,49.12 1 0
github.com/Ruben-Alvarez-Dev/jart-stow/internal/adapters/filesystem/scanner.go:52.3,53.17 2 0
github.com/Ruben-Alvarez-Dev/jart-stow/internal/adapters/filesystem/scanner.go:53.17,54.12 1 0
github.com/Ruben-Alvarez-Dev/jart-stow/internal/adapters/filesystem/scanner.go:57.3,57.33 1 0
github.com/Ruben-Alvarez-Dev/jart-stow/internal/adapters/filesystem/scanner.go:57.33,58.11 1 0
github.com/Ruben-Alvarez-Dev/jart-stow/internal/adapters/filesystem/scanner.go:59.22,60.28 1 0
github.com/Ruben-Alvarez-Dev/jart-stow/internal/adapters/filesystem/scanner.go:61.12,61.12 0 0
github.com/Ruben-Alvarez-Dev/jart-stow/internal/adapters/filesystem/scanner.go:64.4,66.18 3 0
github.com/Ruben-Alvarez-Dev/jart-stow/internal/adapters/filesystem/scanner.go:66.18,67.13 1 0
github.com/Ruben-Alvarez-Dev/jart-stow/internal/adapters/filesystem/scanner.go:70.4,70.40 1 0
github.com/Ruben-Alvarez-Dev/jart-stow/internal/adapters/filesystem/scanner.go:70.40,71.13 1 0
github.com/Ruben-Alvarez-Dev/jart-stow/internal/adapters/filesystem/scanner.go:74.4,75.24 2 0
github.com/Ruben-Alvarez-Dev/jart-stow/internal/adapters/filesystem/scanner.go:75.24,77.5 1 0
github.com/Ruben-Alvarez-Dev/jart-stow/internal/adapters/filesystem/scanner.go:79.4,89.6 2 0
github.com/Ruben-Alvarez-Dev/jart-stow/internal/adapters/filesystem/scanner.go:92.2,92.19 1 0
github.com/Ruben-Alvarez-Dev/jart-stow/internal/adapters/filesystem/scanner.go:99.38,101.2 1 2
github.com/Ruben-Alvarez-Dev/jart-stow/internal/adapters/filesystem/scanner.go:104.38,106.2 1 1
github.com/Ruben-Alvarez-Dev/jart-stow/internal/adapters/filesystem/scanner.go:109.107,113.23 3 1
github.com/Ruben-Alvarez-Dev/jart-stow/internal/adapters/filesystem/scanner.go:114.23,115.42 1 0
github.com/Ruben-Alvarez-Dev/jart-stow/internal/adapters/filesystem/scanner.go:116.21,118.17 2 0
github.com/Ruben-Alvarez-Dev/jart-stow/internal/adapters/filesystem/scanner.go:118.17,120.4 1 0
github.com/Ruben-Alvarez-Dev/jart-stow/internal/adapters/filesystem/scanner.go:121.3,121.62 1 0
github.com/Ruben-Alvarez-Dev/jart-stow/internal/adapters/filesystem/scanner.go:122.10,123.18 1 1
github.com/Ruben-Alvarez-Dev/jart-stow/internal/adapters/filesystem/scanner.go:126.2,127.37 2 0
github.com/Ruben-Alvarez-Dev/jart-stow/internal/adapters/filesystem/scanner.go:127.37,129.17 2 0
github.com/Ruben-Alvarez-Dev/jart-stow/internal/adapters/filesystem/scanner.go:129.17,130.12 1 0
github.com/Ruben-Alvarez-Dev/jart-stow/internal/adapters/filesystem/scanner.go:132.3,132.20 1 0
github.com/Ruben-Alvarez-Dev/jart-stow/internal/adapters/filesystem/scanner.go:132.20,133.12 1 0
github.com/Ruben-Alvarez-Dev/jart-stow/internal/adapters/filesystem/scanner.go:136.3,137.17 2 0
github.com/Ruben-Alvarez-Dev/jart-stow/internal/adapters/filesystem/scanner.go:137.17,138.12 1 0
github.com/Ruben-Alvarez-Dev/jart-stow/internal/adapters/filesystem/scanner.go:141.3,141.33 1 0
github.com/Ruben-Alvarez-Dev/jart-stow/internal/adapters/filesystem/scanner.go:141.33,142.11 1 0
github.com/Ruben-Alvarez-Dev/jart-stow/internal/adapters/filesystem/scanner.go:143.22,144.28 1 0
github.com/Ruben-Alvarez-Dev/jart-stow/internal/adapters/filesystem/scanner.go:145.12,145.12 0 0
github.com/Ruben-Alvarez-Dev/jart-stow/internal/adapters/filesystem/scanner.go:148.4,148.22 1 0
github.com/Ruben-Alvarez-Dev/jart-stow/internal/adapters/filesystem/scanner.go:148.22,149.13 1 0
github.com/Ruben-Alvarez-Dev/jart-stow/internal/adapters/filesystem/scanner.go:152.4,156.23 5 0
github.com/Ruben-Alvarez-Dev/jart-stow/internal/adapters/filesystem/scanner.go:156.23,159.5 2 0
github.com/Ruben-Alvarez-Dev/jart-stow/internal/adapters/filesystem/scanner.go:161.4,170.6 1 0
github.com/Ruben-Alvarez-Dev/jart-stow/internal/adapters/filesystem/scanner.go:173.2,173.19 1 0
github.com/Ruben-Alvarez-Dev/jart-stow/internal/adapters/filesystem/scanner.go:180.38,182.2 1 2
github.com/Ruben-Alvarez-Dev/jart-stow/internal/adapters/filesystem/scanner.go:185.38,187.2 1 1
github.com/Ruben-Alvarez-Dev/jart-stow/internal/adapters/filesystem/scanner.go:190.107,191.43 1 1
github.com/Ruben-Alvarez-Dev/jart-stow/internal/adapters/filesystem/scanner.go:191.43,193.3 1 1
github.com/Ruben-Alvarez-Dev/jart-stow/internal/adapters/filesystem/scanner.go:195.2,196.16 2 0
github.com/Ruben-Alvarez-Dev/jart-stow/internal/adapters/filesystem/scanner.go:196.16,198.3 1 0
github.com/Ruben-Alvarez-Dev/jart-stow/internal/adapters/filesystem/scanner.go:200.2,202.16 3 0
github.com/Ruben-Alvarez-Dev/jart-stow/internal/adapters/filesystem/scanner.go:202.16,204.3 1 0
github.com/Ruben-Alvarez-Dev/jart-stow/internal/adapters/filesystem/scanner.go:205.2,205.19 1 0
github.com/Ruben-Alvarez-Dev/jart-stow/internal/adapters/filesystem/scanner.go:205.19,207.3 1 0
github.com/Ruben-Alvarez-Dev/jart-stow/internal/adapters/filesystem/scanner.go:209.2,213.16 4 0
github.com/Ruben-Alvarez-Dev/jart-stow/internal/adapters/filesystem/scanner.go:213.16,215.3 1 0
github.com/Ruben-Alvarez-Dev/jart-stow/internal/adapters/filesystem/scanner.go:217.2,217.32 1 0
github.com/Ruben-Alvarez-Dev/jart-stow/internal/adapters/filesystem/scanner.go:217.32,218.10 1 0
github.com/Ruben-Alvarez-Dev/jart-stow/internal/adapters/filesystem/scanner.go:219.21,220.27 1 0
github.com/Ruben-Alvarez-Dev/jart-stow/internal/adapters/filesystem/scanner.go:221.11,221.11 0 0
github.com/Ruben-Alvarez-Dev/jart-stow/internal/adapters/filesystem/scanner.go:224.3,224.21 1 0
github.com/Ruben-Alvarez-Dev/jart-stow/internal/adapters/filesystem/scanner.go:224.21,225.12 1 0
github.com/Ruben-Alvarez-Dev/jart-stow/internal/adapters/filesystem/scanner.go:228.3,232.22 5 0
github.com/Ruben-Alvarez-Dev/jart-stow/internal/adapters/filesystem/scanner.go:232.22,235.4 2 0
github.com/Ruben-Alvarez-Dev/jart-stow/internal/adapters/filesystem/scanner.go:237.3,246.5 1 0
github.com/Ruben-Alvarez-Dev/jart-stow/internal/adapters/filesystem/scanner.go:248.2,248.19 1 0
github.com/Ruben-Alvarez-Dev/jart-stow/internal/adapters/filesystem/scanner.go:255.36,257.2 1 2
github.com/Ruben-Alvarez-Dev/jart-stow/internal/adapters/filesystem/scanner.go:260.37,262.2 1 1
github.com/Ruben-Alvarez-Dev/jart-stow/internal/adapters/filesystem/scanner.go:265.106,266.35 1 1
github.com/Ruben-Alvarez-Dev/jart-stow/internal/adapters/filesystem/scanner.go:266.35,268.3 1 1
github.com/Ruben-Alvarez-Dev/jart-stow/internal/adapters/filesystem/scanner.go:270.2,279.39 3 0
github.com/Ruben-Alvarez-Dev/jart-stow/internal/adapters/filesystem/scanner.go:279.39,281.17 2 0
github.com/Ruben-Alvarez-Dev/jart-stow/internal/adapters/filesystem/scanner.go:281.17,282.12 1 0
github.com/Ruben-Alvarez-Dev/jart-stow/internal/adapters/filesystem/scanner.go:284.3,284.20 1 0
github.com/Ruben-Alvarez-Dev/jart-stow/internal/adapters/filesystem/scanner.go:284.20,285.12 1 0
github.com/Ruben-Alvarez-Dev/jart-stow/internal/adapters/filesystem/scanner.go:288.3,297.10 2 0
github.com/Ruben-Alvarez-Dev/jart-stow/internal/adapters/filesystem/scanner.go:300.2,300.17 1 0
github.com/Ruben-Alvarez-Dev/jart-stow/internal/adapters/filesystem/scanner.go:304.33,306.72 2 4
github.com/Ruben-Alvarez-Dev/jart-stow/internal/adapters/filesystem/scanner.go:306.72,307.33 1 8
github.com/Ruben-Alvarez-Dev/jart-stow/internal/adapters/filesystem/scanner.go:307.33,309.4 1 5
github.com/Ruben-Alvarez-Dev/jart-stow/internal/adapters/filesystem/scanner.go:310.3,311.13 2 3
github.com/Ruben-Alvarez-Dev/jart-stow/internal/adapters/filesystem/scanner.go:313.2,313.13 1 4
github.com/Ruben-Alvarez-Dev/jart-stow/internal/adapters/filesystem/scanner.go:317.38,319.18 2 8
github.com/Ruben-Alvarez-Dev/jart-stow/internal/adapters/filesystem/scanner.go:319.18,321.3 1 3
github.com/Ruben-Alvarez-Dev/jart-stow/internal/adapters/filesystem/scanner.go:322.2,323.46 2 5
github.com/Ruben-Alvarez-Dev/jart-stow/internal/adapters/filesystem/scanner.go:323.46,326.3 2 5
github.com/Ruben-Alvarez-Dev/jart-stow/internal/adapters/filesystem/scanner.go:327.2,327.76 1 5
github.com/Ruben-Alvarez-Dev/jart-stow/internal/domain/exclusion.go:28.36,30.2 1 2
github.com/Ruben-Alvarez-Dev/jart-stow/internal/domain/junk_category.go:29.41,43.2 2 1
github.com/Ruben-Alvarez-Dev/jart-stow/internal/domain/junk_item.go:30.42,32.2 1 3
github.com/Ruben-Alvarez-Dev/jart-stow/internal/domain/junk_item.go:35.37,38.2 1 3
github.com/Ruben-Alvarez-Dev/jart-stow/internal/domain/junk_item.go:41.36,43.2 1 2
github.com/Ruben-Alvarez-Dev/jart-stow/internal/domain/rule.go:30.31,32.2 1 2
github.com/Ruben-Alvarez-Dev/jart-stow/internal/domain/scan_job.go:26.36,28.2 1 3
github.com/Ruben-Alvarez-Dev/jart-stow/internal/cli/commands.go:7.41,12.55 1 22
github.com/Ruben-Alvarez-Dev/jart-stow/internal/cli/commands.go:12.55,14.21 2 2
github.com/Ruben-Alvarez-Dev/jart-stow/internal/cli/commands.go:14.21,16.5 1 1
github.com/Ruben-Alvarez-Dev/jart-stow/internal/cli/commands.go:17.4,19.14 3 2
github.com/Ruben-Alvarez-Dev/jart-stow/internal/cli/commands.go:24.39,28.55 1 22
github.com/Ruben-Alvarez-Dev/jart-stow/internal/cli/commands.go:28.55,32.4 3 1
github.com/Ruben-Alvarez-Dev/jart-stow/internal/cli/commands.go:36.38,46.56 2 22
github.com/Ruben-Alvarez-Dev/jart-stow/internal/cli/commands.go:46.56,49.5 2 1
github.com/Ruben-Alvarez-Dev/jart-stow/internal/cli/commands.go:55.56,58.5 2 1
github.com/Ruben-Alvarez-Dev/jart-stow/internal/cli/commands.go:64.56,67.5 2 1
github.com/Ruben-Alvarez-Dev/jart-stow/internal/cli/commands.go:71.2,71.12 1 22
github.com/Ruben-Alvarez-Dev/jart-stow/internal/cli/commands.go:74.40,78.55 1 22
github.com/Ruben-Alvarez-Dev/jart-stow/internal/cli/commands.go:78.55,82.4 3 1
github.com/Ruben-Alvarez-Dev/jart-stow/internal/cli/daemon.go:49.40,68.2 3 22
github.com/Ruben-Alvarez-Dev/jart-stow/internal/cli/daemon.go:70.43,74.55 1 22
github.com/Ruben-Alvarez-Dev/jart-stow/internal/cli/daemon.go:74.55,76.18 2 0
github.com/Ruben-Alvarez-Dev/jart-stow/internal/cli/daemon.go:76.18,78.5 1 0
github.com/Ruben-Alvarez-Dev/jart-stow/internal/cli/daemon.go:80.4,86.54 5 0
github.com/Ruben-Alvarez-Dev/jart-stow/internal/cli/daemon.go:86.54,88.5 1 0
github.com/Ruben-Alvarez-Dev/jart-stow/internal/cli/daemon.go:91.4,92.18 2 0
github.com/Ruben-Alvarez-Dev/jart-stow/internal/cli/daemon.go:92.18,94.19 2 0
github.com/Ruben-Alvarez-Dev/jart-stow/internal/cli/daemon.go:94.19,96.6 1 0
github.com/Ruben-Alvarez-Dev/jart-stow/internal/cli/daemon.go:99.4,106.79 2 0
github.com/Ruben-Alvarez-Dev/jart-stow/internal/cli/daemon.go:106.79,108.5 1 0
github.com/Ruben-Alvarez-Dev/jart-stow/internal/cli/daemon.go:110.4,115.59 4 0
github.com/Ruben-Alvarez-Dev/jart-stow/internal/cli/daemon.go:115.59,117.5 1 0
github.com/Ruben-Alvarez-Dev/jart-stow/internal/cli/daemon.go:119.4,120.14 2 0
github.com/Ruben-Alvarez-Dev/jart-stow/internal/cli/daemon.go:125.45,129.55 1 22
github.com/Ruben-Alvarez-Dev/jart-stow/internal/cli/daemon.go:129.55,131.18 2 0
github.com/Ruben-Alvarez-Dev/jart-stow/internal/cli/daemon.go:131.18,133.5 1 0
github.com/Ruben-Alvarez-Dev/jart-stow/internal/cli/daemon.go:135.4,142.70 4 0
github.com/Ruben-Alvarez-Dev/jart-stow/internal/cli/daemon.go:142.70,144.5 1 0
github.com/Ruben-Alvarez-Dev/jart-stow/internal/cli/daemon.go:146.4,147.14 2 0
github.com/Ruben-Alvarez-Dev/jart-stow/internal/cli/daemon.go:152.41,156.55 1 22
github.com/Ruben-Alvarez-Dev/jart-stow/internal/cli/daemon.go:156.55,158.4 1 0
github.com/Ruben-Alvarez-Dev/jart-stow/internal/cli/daemon.go:162.40,166.55 1 22
github.com/Ruben-Alvarez-Dev/jart-stow/internal/cli/daemon.go:166.55,168.4 1 0
github.com/Ruben-Alvarez-Dev/jart-stow/internal/cli/daemon.go:172.43,176.55 1 22
github.com/Ruben-Alvarez-Dev/jart-stow/internal/cli/daemon.go:176.55,177.49 1 0
github.com/Ruben-Alvarez-Dev/jart-stow/internal/cli/daemon.go:177.49,180.5 1 0
github.com/Ruben-Alvarez-Dev/jart-stow/internal/cli/daemon.go:181.4,181.31 1 0
github.com/Ruben-Alvarez-Dev/jart-stow/internal/cli/daemon.go:186.42,190.55 1 22
github.com/Ruben-Alvarez-Dev/jart-stow/internal/cli/daemon.go:190.55,193.18 3 1
github.com/Ruben-Alvarez-Dev/jart-stow/internal/cli/daemon.go:193.18,196.5 2 1
github.com/Ruben-Alvarez-Dev/jart-stow/internal/cli/daemon.go:197.4,198.14 2 0
github.com/Ruben-Alvarez-Dev/jart-stow/internal/cli/daemon.go:203.40,207.55 1 22
github.com/Ruben-Alvarez-Dev/jart-stow/internal/cli/daemon.go:207.55,209.18 2 1
github.com/Ruben-Alvarez-Dev/jart-stow/internal/cli/daemon.go:209.18,211.5 1 0
github.com/Ruben-Alvarez-Dev/jart-stow/internal/cli/daemon.go:212.4,215.18 3 1
github.com/Ruben-Alvarez-Dev/jart-stow/internal/cli/daemon.go:215.18,216.27 1 1
github.com/Ruben-Alvarez-Dev/jart-stow/internal/cli/daemon.go:216.27,219.6 2 1
github.com/Ruben-Alvarez-Dev/jart-stow/internal/cli/daemon.go:220.5,220.46 1 0
github.com/Ruben-Alvarez-Dev/jart-stow/internal/cli/daemon.go:223.4,224.14 2 0
github.com/Ruben-Alvarez-Dev/jart-stow/internal/cli/daemon.go:229.39,233.55 1 22
github.com/Ruben-Alvarez-Dev/jart-stow/internal/cli/daemon.go:233.55,241.4 4 0
github.com/Ruben-Alvarez-Dev/jart-stow/internal/cli/daemon.go:245.40,247.16 2 0
github.com/Ruben-Alvarez-Dev/jart-stow/internal/cli/daemon.go:247.16,249.3 1 0
github.com/Ruben-Alvarez-Dev/jart-stow/internal/cli/daemon.go:251.2,253.53 3 0
github.com/Ruben-Alvarez-Dev/jart-stow/internal/cli/daemon.go:253.53,255.3 1 0
github.com/Ruben-Alvarez-Dev/jart-stow/internal/cli/daemon.go:257.2,258.12 2 0
github.com/Ruben-Alvarez-Dev/jart-stow/internal/cli/root.go:11.38,21.55 1 22
github.com/Ruben-Alvarez-Dev/jart-stow/internal/cli/root.go:21.55,23.4 1 1
github.com/Ruben-Alvarez-Dev/jart-stow/internal/cli/root.go:27.2,35.12 8 22
github.com/Ruben-Alvarez-Dev/jart-stow/internal/cli/root.go:39.22,41.38 2 0
github.com/Ruben-Alvarez-Dev/jart-stow/internal/cli/root.go:41.38,43.3 1 0
github.com/Ruben-Alvarez-Dev/jart-stow/internal/cli/root.go:44.2,44.12 1 0
github.com/Ruben-Alvarez-Dev/jart-stow/internal/cli/scan.go:7.38,16.55 1 22
github.com/Ruben-Alvarez-Dev/jart-stow/internal/cli/scan.go:16.55,18.21 2 2
github.com/Ruben-Alvarez-Dev/jart-stow/internal/cli/scan.go:18.21,20.5 1 1
github.com/Ruben-Alvarez-Dev/jart-stow/internal/cli/scan.go:21.4,24.14 3 2
github.com/Ruben-Alvarez-Dev/jart-stow/internal/cli/scan.go:29.40,33.55 1 22
github.com/Ruben-Alvarez-Dev/jart-stow/internal/cli/scan.go:33.55,42.4 7 1
github.com/Ruben-Alvarez-Dev/jart-stow/internal/cli/tui.go:9.53,16.2 1 1
github.com/Ruben-Alvarez-Dev/jart-stow/internal/ports/watcher.go:22.40,23.12 1 5
github.com/Ruben-Alvarez-Dev/jart-stow/internal/ports/watcher.go:24.16,25.18 1 1
github.com/Ruben-Alvarez-Dev/jart-stow/internal/ports/watcher.go:26.16,27.18 1 1
github.com/Ruben-Alvarez-Dev/jart-stow/internal/ports/watcher.go:28.16,29.18 1 1
github.com/Ruben-Alvarez-Dev/jart-stow/internal/ports/watcher.go:30.16,31.18 1 1
github.com/Ruben-Alvarez-Dev/jart-stow/internal/ports/watcher.go:32.10,33.19 1 1
github.com/Ruben-Alvarez-Dev/jart-stow/internal/services/excluder.go:26.19,33.2 1 4
github.com/Ruben-Alvarez-Dev/jart-stow/internal/services/excluder.go:37.102,40.16 2 3
github.com/Ruben-Alvarez-Dev/jart-stow/internal/services/excluder.go:40.16,42.3 1 0
github.com/Ruben-Alvarez-Dev/jart-stow/internal/services/excluder.go:45.2,46.16 2 3
github.com/Ruben-Alvarez-Dev/jart-stow/internal/services/excluder.go:46.16,48.3 1 0
github.com/Ruben-Alvarez-Dev/jart-stow/internal/services/excluder.go:51.2,54.37 3 3
github.com/Ruben-Alvarez-Dev/jart-stow/internal/services/excluder.go:54.37,57.55 2 2
github.com/Ruben-Alvarez-Dev/jart-stow/internal/services/excluder.go:57.55,59.4 1 0
github.com/Ruben-Alvarez-Dev/jart-stow/internal/services/excluder.go:60.3,60.22 1 2
github.com/Ruben-Alvarez-Dev/jart-stow/internal/services/excluder.go:60.22,61.12 1 1
[...]
github.com/Ruben-Alvarez-Dev/jart-stow/internal/adapters/sqlite/junk_item_repo.go:93.2,94.23 2 1
github.com/Ruben-Alvarez-Dev/jart-stow/internal/adapters/sqlite/junk_item_repo.go:97.73,101.16 3 2
github.com/Ruben-Alvarez-Dev/jart-stow/internal/adapters/sqlite/junk_item_repo.go:101.16,103.3 1 0
github.com/Ruben-Alvarez-Dev/jart-stow/internal/adapters/sqlite/junk_item_repo.go:104.2,105.15 2 2
github.com/Ruben-Alvarez-Dev/jart-stow/internal/adapters/sqlite/junk_item_repo.go:105.15,107.3 1 1
github.com/Ruben-Alvarez-Dev/jart-stow/internal/adapters/sqlite/junk_item_repo.go:108.2,108.12 1 1
github.com/Ruben-Alvarez-Dev/jart-stow/internal/adapters/sqlite/junk_item_repo.go:111.99,120.16 2 4
github.com/Ruben-Alvarez-Dev/jart-stow/internal/adapters/sqlite/junk_item_repo.go:120.16,122.3 1 0
github.com/Ruben-Alvarez-Dev/jart-stow/internal/adapters/sqlite/junk_item_repo.go:123.2,124.28 2 4
github.com/Ruben-Alvarez-Dev/jart-stow/internal/adapters/sqlite/junk_item_repo.go:127.56,139.88 2 14
github.com/Ruben-Alvarez-Dev/jart-stow/internal/adapters/sqlite/junk_item_repo.go:139.88,140.27 1 1
github.com/Ruben-Alvarez-Dev/jart-stow/internal/adapters/sqlite/junk_item_repo.go:140.27,142.4 1 1
github.com/Ruben-Alvarez-Dev/jart-stow/internal/adapters/sqlite/junk_item_repo.go:143.3,143.18 1 0
github.com/Ruben-Alvarez-Dev/jart-stow/internal/adapters/sqlite/junk_item_repo.go:146.2,146.20 1 13
github.com/Ruben-Alvarez-Dev/jart-stow/internal/adapters/sqlite/junk_item_repo.go:146.20,148.3 1 0
github.com/Ruben-Alvarez-Dev/jart-stow/internal/adapters/sqlite/junk_item_repo.go:149.2,149.24 1 13
github.com/Ruben-Alvarez-Dev/jart-stow/internal/adapters/sqlite/junk_item_repo.go:149.24,152.3 2 0
github.com/Ruben-Alvarez-Dev/jart-stow/internal/adapters/sqlite/junk_item_repo.go:153.2,153.18 1 13
github.com/Ruben-Alvarez-Dev/jart-stow/internal/adapters/sqlite/junk_item_repo.go:153.18,155.3 1 0
github.com/Ruben-Alvarez-Dev/jart-stow/internal/adapters/sqlite/junk_item_repo.go:156.2,157.21 2 13
github.com/Ruben-Alvarez-Dev/jart-stow/internal/adapters/sqlite/junk_item_repo.go:157.21,160.3 2 1
github.com/Ruben-Alvarez-Dev/jart-stow/internal/adapters/sqlite/junk_item_repo.go:161.2,163.16 2 13
github.com/Ruben-Alvarez-Dev/jart-stow/internal/adapters/sqlite/junk_item_repo.go:166.63,168.18 2 2
github.com/Ruben-Alvarez-Dev/jart-stow/internal/adapters/sqlite/junk_item_repo.go:168.18,170.17 2 2
github.com/Ruben-Alvarez-Dev/jart-stow/internal/adapters/sqlite/junk_item_repo.go:170.17,172.4 1 0
github.com/Ruben-Alvarez-Dev/jart-stow/internal/adapters/sqlite/junk_item_repo.go:173.3,173.31 1 2
github.com/Ruben-Alvarez-Dev/jart-stow/internal/adapters/sqlite/junk_item_repo.go:175.2,175.26 1 2
github.com/Ruben-Alvarez-Dev/jart-stow/internal/adapters/sqlite/migrations.go:27.44,29.16 2 32
github.com/Ruben-Alvarez-Dev/jart-stow/internal/adapters/sqlite/migrations.go:29.16,31.3 1 0
github.com/Ruben-Alvarez-Dev/jart-stow/internal/adapters/sqlite/migrations.go:33.2,34.32 2 32
github.com/Ruben-Alvarez-Dev/jart-stow/internal/adapters/sqlite/migrations.go:34.32,35.64 1 32
github.com/Ruben-Alvarez-Dev/jart-stow/internal/adapters/sqlite/migrations.go:35.64,36.12 1 0
github.com/Ruben-Alvarez-Dev/jart-stow/internal/adapters/sqlite/migrations.go:38.3,39.17 2 32
github.com/Ruben-Alvarez-Dev/jart-stow/internal/adapters/sqlite/migrations.go:39.17,41.4 1 0
github.com/Ruben-Alvarez-Dev/jart-stow/internal/adapters/sqlite/migrations.go:42.3,43.17 2 32
github.com/Ruben-Alvarez-Dev/jart-stow/internal/adapters/sqlite/migrations.go:43.17,45.4 1 0
github.com/Ruben-Alvarez-Dev/jart-stow/internal/adapters/sqlite/migrations.go:46.3,50.5 1 32
github.com/Ruben-Alvarez-Dev/jart-stow/internal/adapters/sqlite/migrations.go:53.2,53.45 1 32
github.com/Ruben-Alvarez-Dev/jart-stow/internal/adapters/sqlite/migrations.go:53.45,55.3 1 0
github.com/Ruben-Alvarez-Dev/jart-stow/internal/adapters/sqlite/migrations.go:56.2,56.24 1 32
github.com/Ruben-Alvarez-Dev/jart-stow/internal/adapters/sqlite/migrations.go:60.49,62.21 2 32
github.com/Ruben-Alvarez-Dev/jart-stow/internal/adapters/sqlite/migrations.go:62.21,64.3 1 0
github.com/Ruben-Alvarez-Dev/jart-stow/internal/adapters/sqlite/migrations.go:65.2,65.31 1 32
github.com/Ruben-Alvarez-Dev/jart-stow/internal/adapters/sqlite/migrations.go:69.53,71.16 2 32
github.com/Ruben-Alvarez-Dev/jart-stow/internal/adapters/sqlite/migrations.go:71.16,73.3 1 0
github.com/Ruben-Alvarez-Dev/jart-stow/internal/adapters/sqlite/migrations.go:75.2,76.16 2 32
github.com/Ruben-Alvarez-Dev/jart-stow/internal/adapters/sqlite/migrations.go:76.16,78.3 1 0
github.com/Ruben-Alvarez-Dev/jart-stow/internal/adapters/sqlite/migrations.go:80.2,80.31 1 32
github.com/Ruben-Alvarez-Dev/jart-stow/internal/adapters/sqlite/migrations.go:80.31,81.34 1 32
github.com/Ruben-Alvarez-Dev/jart-stow/internal/adapters/sqlite/migrations.go:81.34,82.12 1 1
github.com/Ruben-Alvarez-Dev/jart-stow/internal/adapters/sqlite/migrations.go:84.3,84.52 1 31
github.com/Ruben-Alvarez-Dev/jart-stow/internal/adapters/sqlite/migrations.go:84.52,86.4 1 0
github.com/Ruben-Alvarez-Dev/jart-stow/internal/adapters/sqlite/migrations.go:89.2,89.12 1 32
github.com/Ruben-Alvarez-Dev/jart-stow/internal/adapters/sqlite/migrations.go:93.69,96.16 3 32
github.com/Ruben-Alvarez-Dev/jart-stow/internal/adapters/sqlite/migrations.go:96.16,98.3 1 0
github.com/Ruben-Alvarez-Dev/jart-stow/internal/adapters/sqlite/migrations.go:99.2,99.21 1 32
github.com/Ruben-Alvarez-Dev/jart-stow/internal/adapters/sqlite/migrations.go:103.73,105.16 2 31
github.com/Ruben-Alvarez-Dev/jart-stow/internal/adapters/sqlite/migrations.go:105.16,107.3 1 0
github.com/Ruben-Alvarez-Dev/jart-stow/internal/adapters/sqlite/migrations.go:108.2,110.54 2 31
github.com/Ruben-Alvarez-Dev/jart-stow/internal/adapters/sqlite/migrations.go:110.54,112.3 1 0
github.com/Ruben-Alvarez-Dev/jart-stow/internal/adapters/sqlite/migrations.go:114.2,115.62 2 31
github.com/Ruben-Alvarez-Dev/jart-stow/internal/adapters/sqlite/migrations.go:115.62,117.3 1 0
github.com/Ruben-Alvarez-Dev/jart-stow/internal/adapters/sqlite/migrations.go:119.2,119.36 1 31
github.com/Ruben-Alvarez-Dev/jart-stow/internal/adapters/sqlite/migrations.go:119.36,121.3 1 0
github.com/Ruben-Alvarez-Dev/jart-stow/internal/adapters/sqlite/migrations.go:123.2,123.12 1 31
github.com/Ruben-Alvarez-Dev/jart-stow/internal/adapters/sqlite/project_repo.go:21.46,23.2 1 4
github.com/Ruben-Alvarez-Dev/jart-stow/internal/adapters/sqlite/project_repo.go:25.78,29.16 2 1
github.com/Ruben-Alvarez-Dev/jart-stow/internal/adapters/sqlite/project_repo.go:29.16,31.3 1 0
github.com/Ruben-Alvarez-Dev/jart-stow/internal/adapters/sqlite/project_repo.go:32.2,35.18 3 1
github.com/Ruben-Alvarez-Dev/jart-stow/internal/adapters/sqlite/project_repo.go:35.18,37.17 2 1
github.com/Ruben-Alvarez-Dev/jart-stow/internal/adapters/sqlite/project_repo.go:37.17,39.4 1 0
github.com/Ruben-Alvarez-Dev/jart-stow/internal/adapters/sqlite/project_repo.go:40.3,40.34 1 1
github.com/Ruben-Alvarez-Dev/jart-stow/internal/adapters/sqlite/project_repo.go:42.2,42.29 1 1
github.com/Ruben-Alvarez-Dev/jart-stow/internal/adapters/sqlite/project_repo.go:45.88,50.2 2 4
github.com/Ruben-Alvarez-Dev/jart-stow/internal/adapters/sqlite/project_repo.go:52.93,57.2 2 6
github.com/Ruben-Alvarez-Dev/jart-stow/internal/adapters/sqlite/project_repo.go:59.102,63.16 2 1
github.com/Ruben-Alvarez-Dev/jart-stow/internal/adapters/sqlite/project_repo.go:63.16,65.3 1 0
github.com/Ruben-Alvarez-Dev/jart-stow/internal/adapters/sqlite/project_repo.go:66.2,69.18 3 1
github.com/Ruben-Alvarez-Dev/jart-stow/internal/adapters/sqlite/project_repo.go:69.18,71.17 2 1
github.com/Ruben-Alvarez-Dev/jart-stow/internal/adapters/sqlite/project_repo.go:71.17,73.4 1 0
github.com/Ruben-Alvarez-Dev/jart-stow/internal/adapters/sqlite/project_repo.go:74.3,74.34 1 1
github.com/Ruben-Alvarez-Dev/jart-stow/internal/adapters/sqlite/project_repo.go:76.2,76.29 1 1
github.com/Ruben-Alvarez-Dev/jart-stow/internal/adapters/sqlite/project_repo.go:79.101,96.16 4 4
github.com/Ruben-Alvarez-Dev/jart-stow/internal/adapters/sqlite/project_repo.go:96.16,98.3 1 0
github.com/Ruben-Alvarez-Dev/jart-stow/internal/adapters/sqlite/project_repo.go:101.2,101.40 1 4
github.com/Ruben-Alvarez-Dev/jart-stow/internal/adapters/sqlite/project_repo.go:104.102,110.2 3 1
github.com/Ruben-Alvarez-Dev/jart-stow/internal/adapters/sqlite/project_repo.go:112.67,115.2 2 2
github.com/Ruben-Alvarez-Dev/jart-stow/internal/adapters/sqlite/project_repo.go:122.54,132.62 2 12
github.com/Ruben-Alvarez-Dev/jart-stow/internal/adapters/sqlite/project_repo.go:132.62,133.27 1 3
github.com/Ruben-Alvarez-Dev/jart-stow/internal/adapters/sqlite/project_repo.go:133.27,135.4 1 3
github.com/Ruben-Alvarez-Dev/jart-stow/internal/adapters/sqlite/project_repo.go:136.3,136.18 1 0
github.com/Ruben-Alvarez-Dev/jart-stow/internal/adapters/sqlite/project_repo.go:139.2,140.23 2 9
github.com/Ruben-Alvarez-Dev/jart-stow/internal/adapters/sqlite/project_repo.go:140.23,142.17 2 1
github.com/Ruben-Alvarez-Dev/jart-stow/internal/adapters/sqlite/project_repo.go:142.17,144.4 1 1
github.com/Ruben-Alvarez-Dev/jart-stow/internal/adapters/sqlite/project_repo.go:146.2,149.16 3 9
github.com/Ruben-Alvarez-Dev/jart-stow/internal/adapters/sqlite/repository_set.go:22.54,35.2 2 0
github.com/Ruben-Alvarez-Dev/jart-stow/internal/adapters/sqlite/rule_repo.go:21.40,23.2 1 3
github.com/Ruben-Alvarez-Dev/jart-stow/internal/adapters/sqlite/rule_repo.go:25.72,30.16 2 1
github.com/Ruben-Alvarez-Dev/jart-stow/internal/adapters/sqlite/rule_repo.go:30.16,32.3 1 0
github.com/Ruben-Alvarez-Dev/jart-stow/internal/adapters/sqlite/rule_repo.go:33.2,34.24 2 1
github.com/Ruben-Alvarez-Dev/jart-stow/internal/adapters/sqlite/rule_repo.go:37.82,43.2 2 7
github.com/Ruben-Alvarez-Dev/jart-stow/internal/adapters/sqlite/rule_repo.go:45.97,50.16 2 1
github.com/Ruben-Alvarez-Dev/jart-stow/internal/adapters/sqlite/rule_repo.go:50.16,52.3 1 0
github.com/Ruben-Alvarez-Dev/jart-stow/internal/adapters/sqlite/rule_repo.go:53.2,54.24 2 1
github.com/Ruben-Alvarez-Dev/jart-stow/internal/adapters/sqlite/rule_repo.go:57.80,62.16 2 1
github.com/Ruben-Alvarez-Dev/jart-stow/internal/adapters/sqlite/rule_repo.go:62.16,64.3 1 0
github.com/Ruben-Alvarez-Dev/jart-stow/internal/adapters/sqlite/rule_repo.go:65.2,66.24 2 1
github.com/Ruben-Alvarez-Dev/jart-stow/internal/adapters/sqlite/rule_repo.go:69.87,78.16 3 3
github.com/Ruben-Alvarez-Dev/jart-stow/internal/adapters/sqlite/rule_repo.go:78.16,80.3 1 0
github.com/Ruben-Alvarez-Dev/jart-stow/internal/adapters/sqlite/rule_repo.go:82.2,83.28 2 3
github.com/Ruben-Alvarez-Dev/jart-stow/internal/adapters/sqlite/rule_repo.go:86.89,95.16 3 2
github.com/Ruben-Alvarez-Dev/jart-stow/internal/adapters/sqlite/rule_repo.go:95.16,97.3 1 0
github.com/Ruben-Alvarez-Dev/jart-stow/internal/adapters/sqlite/rule_repo.go:98.2,99.15 2 2
github.com/Ruben-Alvarez-Dev/jart-stow/internal/adapters/sqlite/rule_repo.go:99.15,101.3 1 1
github.com/Ruben-Alvarez-Dev/jart-stow/internal/adapters/sqlite/rule_repo.go:102.2,102.33 1 1
github.com/Ruben-Alvarez-Dev/jart-stow/internal/adapters/sqlite/rule_repo.go:105.64,107.16 2 2
github.com/Ruben-Alvarez-Dev/jart-stow/internal/adapters/sqlite/rule_repo.go:107.16,109.3 1 0
github.com/Ruben-Alvarez-Dev/jart-stow/internal/adapters/sqlite/rule_repo.go:110.2,111.15 2 2
github.com/Ruben-Alvarez-Dev/jart-stow/internal/adapters/sqlite/rule_repo.go:111.15,113.3 1 1
github.com/Ruben-Alvarez-Dev/jart-stow/internal/adapters/sqlite/rule_repo.go:114.2,114.12 1 1
github.com/Ruben-Alvarez-Dev/jart-stow/internal/adapters/sqlite/rule_repo.go:117.48,128.71 2 11
github.com/Ruben-Alvarez-Dev/jart-stow/internal/adapters/sqlite/rule_repo.go:128.71,129.27 1 2
github.com/Ruben-Alvarez-Dev/jart-stow/internal/adapters/sqlite/rule_repo.go:129.27,131.4 1 2
github.com/Ruben-Alvarez-Dev/jart-stow/internal/adapters/sqlite/rule_repo.go:132.3,132.18 1 0
github.com/Ruben-Alvarez-Dev/jart-stow/internal/adapters/sqlite/rule_repo.go:135.2,135.21 1 9
github.com/Ruben-Alvarez-Dev/jart-stow/internal/adapters/sqlite/rule_repo.go:135.21,137.3 1 3
github.com/Ruben-Alvarez-Dev/jart-stow/internal/adapters/sqlite/rule_repo.go:138.2,143.16 5 9
github.com/Ruben-Alvarez-Dev/jart-stow/internal/adapters/sqlite/rule_repo.go:146.55,148.18 2 3
github.com/Ruben-Alvarez-Dev/jart-stow/internal/adapters/sqlite/rule_repo.go:148.18,150.17 2 4
github.com/Ruben-Alvarez-Dev/jart-stow/internal/adapters/sqlite/rule_repo.go:150.17,152.4 1 0
github.com/Ruben-Alvarez-Dev/jart-stow/internal/adapters/sqlite/rule_repo.go:153.3,153.28 1 4
github.com/Ruben-Alvarez-Dev/jart-stow/internal/adapters/sqlite/rule_repo.go:155.2,155.26 1 3
github.com/Ruben-Alvarez-Dev/jart-stow/internal/adapters/sqlite/rule_repo.go:159.28,160.7 1 31
github.com/Ruben-Alvarez-Dev/jart-stow/internal/adapters/sqlite/rule_repo.go:160.7,162.3 1 17
github.com/Ruben-Alvarez-Dev/jart-stow/internal/adapters/sqlite/rule_repo.go:163.2,163.10 1 14
github.com/Ruben-Alvarez-Dev/jart-stow/internal/adapters/sqlite/scan_job_repo.go:21.46,23.2 1 3
github.com/Ruben-Alvarez-Dev/jart-stow/internal/adapters/sqlite/scan_job_repo.go:25.97,32.16 3 5
github.com/Ruben-Alvarez-Dev/jart-stow/internal/adapters/sqlite/scan_job_repo.go:32.16,34.3 1 0
github.com/Ruben-Alvarez-Dev/jart-stow/internal/adapters/sqlite/scan_job_repo.go:35.2,36.28 2 5
github.com/Ruben-Alvarez-Dev/jart-stow/internal/adapters/sqlite/scan_job_repo.go:39.109,46.2 3 1
github.com/Ruben-Alvarez-Dev/jart-stow/internal/adapters/sqlite/scan_job_repo.go:48.71,54.2 3 1
github.com/Ruben-Alvarez-Dev/jart-stow/internal/adapters/sqlite/scan_job_repo.go:56.88,62.2 2 8
github.com/Ruben-Alvarez-Dev/jart-stow/internal/adapters/sqlite/scan_job_repo.go:64.103,69.16 2 2
github.com/Ruben-Alvarez-Dev/jart-stow/internal/adapters/sqlite/scan_job_repo.go:69.16,71.3 1 0
github.com/Ruben-Alvarez-Dev/jart-stow/internal/adapters/sqlite/scan_job_repo.go:72.2,75.18 3 2
github.com/Ruben-Alvarez-Dev/jart-stow/internal/adapters/sqlite/scan_job_repo.go:75.18,77.17 2 2
github.com/Ruben-Alvarez-Dev/jart-stow/internal/adapters/sqlite/scan_job_repo.go:77.17,79.4 1 0
github.com/Ruben-Alvarez-Dev/jart-stow/internal/adapters/sqlite/scan_job_repo.go:80.3,80.26 1 2
github.com/Ruben-Alvarez-Dev/jart-stow/internal/adapters/sqlite/scan_job_repo.go:82.2,82.25 1 2
github.com/Ruben-Alvarez-Dev/jart-stow/internal/adapters/sqlite/scan_job_repo.go:85.54,94.59 2 10
github.com/Ruben-Alvarez-Dev/jart-stow/internal/adapters/sqlite/scan_job_repo.go:94.59,95.27 1 1
github.com/Ruben-Alvarez-Dev/jart-stow/internal/adapters/sqlite/scan_job_repo.go:95.27,97.4 1 1
github.com/Ruben-Alvarez-Dev/jart-stow/internal/adapters/sqlite/scan_job_repo.go:98.3,98.18 1 0
github.com/Ruben-Alvarez-Dev/jart-stow/internal/adapters/sqlite/scan_job_repo.go:101.2,103.22 3 9
github.com/Ruben-Alvarez-Dev/jart-stow/internal/adapters/sqlite/scan_job_repo.go:103.22,106.3 2 2
github.com/Ruben-Alvarez-Dev/jart-stow/internal/adapters/sqlite/scan_job_repo.go:108.2,108.16 1 9
github.com/Ruben-Alvarez-Dev/jart-stow/internal/adapters/sqlite/watch_root_repo.go:21.50,23.2 1 2
github.com/Ruben-Alvarez-Dev/jart-stow/internal/adapters/sqlite/watch_root_repo.go:25.82,29.16 2 1
github.com/Ruben-Alvarez-Dev/jart-stow/internal/adapters/sqlite/watch_root_repo.go:29.16,31.3 1 0
github.com/Ruben-Alvarez-Dev/jart-stow/internal/adapters/sqlite/watch_root_repo.go:32.2,33.29 2 1
github.com/Ruben-Alvarez-Dev/jart-stow/internal/adapters/sqlite/watch_root_repo.go:36.92,41.2 2 5
github.com/Ruben-Alvarez-Dev/jart-stow/internal/adapters/sqlite/watch_root_repo.go:43.97,48.2 2 2
github.com/Ruben-Alvarez-Dev/jart-stow/internal/adapters/sqlite/watch_root_repo.go:50.102,57.16 3 1
github.com/Ruben-Alvarez-Dev/jart-stow/internal/adapters/sqlite/watch_root_repo.go:57.16,59.3 1 0
github.com/Ruben-Alvarez-Dev/jart-stow/internal/adapters/sqlite/watch_root_repo.go:60.2,61.28 2 1
github.com/Ruben-Alvarez-Dev/jart-stow/internal/adapters/sqlite/watch_root_repo.go:64.87,67.16 2 2
github.com/Ruben-Alvarez-Dev/jart-stow/internal/adapters/sqlite/watch_root_repo.go:67.16,69.3 1 0
github.com/Ruben-Alvarez-Dev/jart-stow/internal/adapters/sqlite/watch_root_repo.go:70.2,71.15 2 2
github.com/Ruben-Alvarez-Dev/jart-stow/internal/adapters/sqlite/watch_root_repo.go:71.15,73.3 1 1
github.com/Ruben-Alvarez-Dev/jart-stow/internal/adapters/sqlite/watch_root_repo.go:74.2,74.12 1 1
github.com/Ruben-Alvarez-Dev/jart-stow/internal/adapters/sqlite/watch_root_repo.go:77.69,79.16 2 2
github.com/Ruben-Alvarez-Dev/jart-stow/internal/adapters/sqlite/watch_root_repo.go:79.16,81.3 1 0
github.com/Ruben-Alvarez-Dev/jart-stow/internal/adapters/sqlite/watch_root_repo.go:82.2,83.15 2 2
github.com/Ruben-Alvarez-Dev/jart-stow/internal/adapters/sqlite/watch_root_repo.go:83.15,85.3 1 1
github.com/Ruben-Alvarez-Dev/jart-stow/internal/adapters/sqlite/watch_root_repo.go:86.2,86.12 1 1
github.com/Ruben-Alvarez-Dev/jart-stow/internal/adapters/sqlite/watch_root_repo.go:89.58,97.82 2 8
github.com/Ruben-Alvarez-Dev/jart-stow/internal/adapters/sqlite/watch_root_repo.go:97.82,98.27 1 3
github.com/Ruben-Alvarez-Dev/jart-stow/internal/adapters/sqlite/watch_root_repo.go:98.27,100.4 1 3
github.com/Ruben-Alvarez-Dev/jart-stow/internal/adapters/sqlite/watch_root_repo.go:101.3,101.18 1 0
github.com/Ruben-Alvarez-Dev/jart-stow/internal/adapters/sqlite/watch_root_repo.go:104.2,104.22 1 5
github.com/Ruben-Alvarez-Dev/jart-stow/internal/adapters/sqlite/watch_root_repo.go:104.22,106.3 1 0
github.com/Ruben-Alvarez-Dev/jart-stow/internal/adapters/sqlite/watch_root_repo.go:107.2,110.16 3 5
github.com/Ruben-Alvarez-Dev/jart-stow/internal/adapters/sqlite/watch_root_repo.go:113.65,115.18 2 1
github.com/Ruben-Alvarez-Dev/jart-stow/internal/adapters/sqlite/watch_root_repo.go:115.18,117.17 2 1
github.com/Ruben-Alvarez-Dev/jart-stow/internal/adapters/sqlite/watch_root_repo.go:117.17,119.4 1 0
github.com/Ruben-Alvarez-Dev/jart-stow/internal/adapters/sqlite/watch_root_repo.go:120.3,120.28 1 1
github.com/Ruben-Alvarez-Dev/jart-stow/internal/adapters/sqlite/watch_root_repo.go:122.2,122.26 1 1
github.com/Ruben-Alvarez-Dev/jart-stow/internal/adapters/tmutil/adapter.go:23.45,24.22 1 10
github.com/Ruben-Alvarez-Dev/jart-stow/internal/adapters/tmutil/adapter.go:24.22,26.3 1 8
github.com/Ruben-Alvarez-Dev/jart-stow/internal/adapters/tmutil/adapter.go:27.2,27.41 1 10
github.com/Ruben-Alvarez-Dev/jart-stow/internal/adapters/tmutil/adapter.go:31.33,33.2 1 2
github.com/Ruben-Alvarez-Dev/jart-stow/internal/adapters/tmutil/adapter.go:36.66,38.16 2 2
github.com/Ruben-Alvarez-Dev/jart-stow/internal/adapters/tmutil/adapter.go:38.16,40.3 1 1
github.com/Ruben-Alvarez-Dev/jart-stow/internal/adapters/tmutil/adapter.go:41.2,41.18 1 1
github.com/Ruben-Alvarez-Dev/jart-stow/internal/adapters/tmutil/adapter.go:45.67,48.16 3 1
github.com/Ruben-Alvarez-Dev/jart-stow/internal/adapters/tmutil/adapter.go:48.16,50.3 1 1
github.com/Ruben-Alvarez-Dev/jart-stow/internal/adapters/tmutil/adapter.go:51.2,51.12 1 0
github.com/Ruben-Alvarez-Dev/jart-stow/internal/adapters/tmutil/adapter.go:55.66,58.16 3 1
github.com/Ruben-Alvarez-Dev/jart-stow/internal/adapters/tmutil/adapter.go:58.16,60.3 1 1
github.com/Ruben-Alvarez-Dev/jart-stow/internal/adapters/tmutil/adapter.go:61.2,61.12 1 0
github.com/Ruben-Alvarez-Dev/jart-stow/internal/adapters/tmutil/adapter.go:65.78,68.16 3 2
github.com/Ruben-Alvarez-Dev/jart-stow/internal/adapters/tmutil/adapter.go:68.16,70.3 1 0
github.com/Ruben-Alvarez-Dev/jart-stow/internal/adapters/tmutil/adapter.go:72.2,72.60 1 2
github.com/Ruben-Alvarez-Dev/jart-stow/internal/adapters/tmutil/adapter.go:76.71,82.16 3 1
github.com/Ruben-Alvarez-Dev/jart-stow/internal/adapters/tmutil/adapter.go:82.16,85.3 1 0
github.com/Ruben-Alvarez-Dev/jart-stow/internal/adapters/tmutil/adapter.go:87.2,89.29 3 1
github.com/Ruben-Alvarez-Dev/jart-stow/internal/adapters/tmutil/adapter.go:89.29,91.17 2 209
github.com/Ruben-Alvarez-Dev/jart-stow/internal/adapters/tmutil/adapter.go:91.17,93.4 1 209
github.com/Ruben-Alvarez-Dev/jart-stow/internal/adapters/tmutil/adapter.go:95.2,95.19 1 1
